<?xml version="1.0" encoding="utf-8"?>
<CoverageSession xmlns:xsd="http://www.w3.org/2001/XMLSchema" xmlns:xsi="http://www.w3.org/2001/XMLSchema-instance">
  <Summary numSequencePoints="2466" visitedSequencePoints="327" numBranchPoints="654" visitedBranchPoints="90" sequenceCoverage="13.26" branchCoverage="13.76" maxCyclomaticComplexity="30" minCyclomaticComplexity="1" />
  <Modules>
    <Module skippedDueTo="Filter" hash="B5-D0-3C-D0-D3-0E-6D-9A-B0-27-ED-4B-C0-AC-D5-4F-18-84-56-AE">
      <FullName>C:\Windows\Microsoft.Net\assembly\GAC_32\mscorlib\v4.0_4.0.0.0__b77a5c561934e089\mscorlib.dll</FullName>
      <ModuleName>mscorlib</ModuleName>
      <Classes />
    </Module>
    <Module skippedDueTo="MissingPdb" hash="51-57-32-32-3A-99-BE-2D-0F-55-8E-53-39-A1-87-44-A4-8F-7F-96">
      <FullName>C:\Program Files (x86)\Microsoft Visual Studio 12.0\Common7\IDE\MSTest.exe</FullName>
      <ModuleName>MSTest</ModuleName>
      <Classes />
    </Module>
    <Module skippedDueTo="MissingPdb" hash="DC-F8-9B-F7-2C-08-0C-DA-07-27-F8-D5-02-E6-16-D6-41-91-92-AB">
      <FullName>C:\Windows\assembly\GAC_MSIL\Microsoft.VisualStudio.QualityTools.Common\12.0.0.0__b03f5f7f11d50a3a\Microsoft.VisualStudio.QualityTools.Common.dll</FullName>
      <ModuleName>Microsoft.VisualStudio.QualityTools.Common</ModuleName>
      <Classes />
    </Module>
    <Module skippedDueTo="Filter" hash="04-DF-13-16-0B-F4-57-A9-D9-9C-5A-63-DC-51-CD-BF-FD-3A-AF-DA">
      <FullName>C:\Windows\Microsoft.Net\assembly\GAC_MSIL\System\v4.0_4.0.0.0__b77a5c561934e089\System.dll</FullName>
      <ModuleName>System</ModuleName>
      <Classes />
    </Module>
    <Module skippedDueTo="MissingPdb" hash="6C-F3-21-D3-55-B9-65-8F-79-5C-94-83-2B-55-5B-61-F1-44-E2-3D">
      <FullName>C:\Windows\assembly\GAC_MSIL\Microsoft.VisualStudio.QualityTools.ExecutionCommon\12.0.0.0__b03f5f7f11d50a3a\Microsoft.VisualStudio.QualityTools.ExecutionCommon.dll</FullName>
      <ModuleName>Microsoft.VisualStudio.QualityTools.ExecutionCommon</ModuleName>
      <Classes />
    </Module>
    <Module skippedDueTo="MissingPdb" hash="14-3D-05-8D-99-D4-2A-75-D3-21-57-04-93-CD-3F-7B-76-07-28-5E">
      <FullName>C:\Windows\assembly\GAC_MSIL\Microsoft.VisualStudio.QualityTools.Resource\12.0.0.0__b03f5f7f11d50a3a\Microsoft.VisualStudio.QualityTools.Resource.dll</FullName>
      <ModuleName>Microsoft.VisualStudio.QualityTools.Resource</ModuleName>
      <Classes />
    </Module>
    <Module skippedDueTo="Filter" hash="B6-60-CE-70-25-03-8E-12-F0-FF-EB-DA-C8-94-AA-A9-02-DE-71-07">
      <FullName>C:\Windows\Microsoft.Net\assembly\GAC_MSIL\System.Configuration\v4.0_4.0.0.0__b03f5f7f11d50a3a\System.Configuration.dll</FullName>
      <ModuleName>System.Configuration</ModuleName>
      <Classes />
    </Module>
    <Module skippedDueTo="Filter" hash="2C-B8-8B-0E-27-14-38-8E-71-A5-1D-A0-EE-33-D9-22-5F-A4-AF-79">
      <FullName>C:\Windows\Microsoft.Net\assembly\GAC_MSIL\System.Xml\v4.0_4.0.0.0__b77a5c561934e089\System.Xml.dll</FullName>
      <ModuleName>System.Xml</ModuleName>
      <Classes />
    </Module>
    <Module skippedDueTo="MissingPdb" hash="25-DB-39-AF-D2-EF-C6-D7-46-FB-43-4E-6D-00-CA-60-D2-BC-73-4C">
      <FullName>C:\Windows\Microsoft.Net\assembly\GAC_MSIL\Microsoft.VisualStudio.QualityTools.CommandLine\v4.0_12.0.0.0__b03f5f7f11d50a3a\Microsoft.VisualStudio.QualityTools.CommandLine.dll</FullName>
      <ModuleName>Microsoft.VisualStudio.QualityTools.CommandLine</ModuleName>
      <Classes />
    </Module>
    <Module skippedDueTo="MissingPdb" hash="C3-B2-EE-56-03-E2-1E-61-F3-58-71-8C-F2-35-7D-7F-98-94-D9-25">
      <FullName>C:\Windows\assembly\GAC_MSIL\Microsoft.VisualStudio.QualityTools.TMI\12.0.0.0__b03f5f7f11d50a3a\Microsoft.VisualStudio.QualityTools.TMI.dll</FullName>
      <ModuleName>Microsoft.VisualStudio.QualityTools.TMI</ModuleName>
      <Classes />
    </Module>
    <Module skippedDueTo="Filter" hash="B6-92-70-2B-74-74-8B-7D-92-C2-67-1D-CA-15-D4-44-41-B2-4E-15">
      <FullName>C:\Windows\Microsoft.Net\assembly\GAC_32\System.Data\v4.0_4.0.0.0__b77a5c561934e089\System.Data.dll</FullName>
      <ModuleName>System.Data</ModuleName>
      <Classes />
    </Module>
    <Module skippedDueTo="Filter" hash="BF-C5-A6-49-C5-BD-81-31-CD-95-07-E3-C4-9B-08-F0-FC-C1-30-12">
      <FullName>C:\Windows\Microsoft.Net\assembly\GAC_MSIL\System.Numerics\v4.0_4.0.0.0__b77a5c561934e089\System.Numerics.dll</FullName>
      <ModuleName>System.Numerics</ModuleName>
      <Classes />
    </Module>
    <Module skippedDueTo="Filter" hash="95-50-78-76-0C-97-0A-A6-96-E2-68-E8-BD-4F-78-F1-1C-21-CA-10">
      <FullName>C:\Windows\Microsoft.Net\assembly\GAC_32\System.Web\v4.0_4.0.0.0__b03f5f7f11d50a3a\System.Web.dll</FullName>
      <ModuleName>System.Web</ModuleName>
      <Classes />
    </Module>
    <Module skippedDueTo="Filter" hash="43-0F-9E-14-71-13-7F-E2-26-11-26-04-62-4A-0E-92-1F-0F-04-20">
      <FullName>C:\Windows\Microsoft.Net\assembly\GAC_MSIL\System.Core\v4.0_4.0.0.0__b77a5c561934e089\System.Core.dll</FullName>
      <ModuleName>System.Core</ModuleName>
      <Classes />
    </Module>
    <Module skippedDueTo="MissingPdb" hash="B8-BD-0B-9C-FE-40-35-92-D1-0C-F8-1C-06-DF-75-D9-6D-4E-B5-9F">
      <FullName>C:\Windows\assembly\GAC_MSIL\Microsoft.VisualStudio.QualityTools.Tips.UnitTest.Tip\12.0.0.0__b03f5f7f11d50a3a\Microsoft.VisualStudio.QualityTools.Tips.UnitTest.Tip.dll</FullName>
      <ModuleName>Microsoft.VisualStudio.QualityTools.Tips.UnitTest.Tip</ModuleName>
      <Classes />
    </Module>
    <Module skippedDueTo="MissingPdb" hash="80-91-7B-77-89-19-B3-0A-B9-FD-35-76-4A-23-60-1A-8D-35-58-07">
      <FullName>C:\Windows\assembly\GAC_MSIL\Microsoft.VisualStudio.QualityTools.Tips.UnitTest.ObjectModel\12.0.0.0__b03f5f7f11d50a3a\Microsoft.VisualStudio.QualityTools.Tips.UnitTest.ObjectModel.dll</FullName>
      <ModuleName>Microsoft.VisualStudio.QualityTools.Tips.UnitTest.ObjectModel</ModuleName>
      <Classes />
    </Module>
    <Module skippedDueTo="MissingPdb" hash="B6-BE-C7-09-6A-69-79-02-C4-B3-2E-2E-B9-3D-72-09-BB-84-01-6E">
      <FullName>C:\Windows\assembly\GAC_MSIL\Microsoft.VisualStudio.QualityTools.UnitTestFramework\10.0.0.0__b03f5f7f11d50a3a\Microsoft.VisualStudio.QualityTools.UnitTestFramework.dll</FullName>
      <ModuleName>Microsoft.VisualStudio.QualityTools.UnitTestFramework</ModuleName>
      <Classes />
    </Module>
    <Module skippedDueTo="MissingPdb" hash="91-A7-F9-01-20-FA-B7-30-6F-8D-00-4C-1E-EC-D4-8D-65-53-89-BC">
      <FullName>C:\Windows\assembly\GAC_MSIL\Microsoft.VisualStudio.QualityTools.Tips.UnitTest.AssemblyResolver\12.0.0.0__b03f5f7f11d50a3a\Microsoft.VisualStudio.QualityTools.Tips.UnitTest.AssemblyResolver.dll</FullName>
      <ModuleName>Microsoft.VisualStudio.QualityTools.Tips.UnitTest.AssemblyResolver</ModuleName>
      <Classes />
    </Module>
    <Module skippedDueTo="MissingPdb" hash="87-C9-BA-8D-5D-BC-48-A2-9A-EE-A2-4C-0D-24-85-14-7E-47-C9-50">
      <FullName>C:\Program Files (x86)\Microsoft Visual Studio 12.0\Common7\IDE\PrivateAssemblies\Microsoft.VisualStudio.TeamSystem.Licensing.dll</FullName>
      <ModuleName>Microsoft.VisualStudio.TeamSystem.Licensing</ModuleName>
      <Classes />
    </Module>
    <Module skippedDueTo="MissingPdb" hash="B8-BD-0B-9C-FE-40-35-92-D1-0C-F8-1C-06-DF-75-D9-6D-4E-B5-9F">
      <FullName>C:\Windows\assembly\GAC_MSIL\Microsoft.VisualStudio.QualityTools.Tips.UnitTest.Tip\12.0.0.0__b03f5f7f11d50a3a\Microsoft.VisualStudio.QualityTools.Tips.UnitTest.Tip.dll</FullName>
      <ModuleName>Microsoft.VisualStudio.QualityTools.Tips.UnitTest.Tip</ModuleName>
      <Classes />
    </Module>
    <Module skippedDueTo="MissingPdb" hash="DC-F8-9B-F7-2C-08-0C-DA-07-27-F8-D5-02-E6-16-D6-41-91-92-AB">
      <FullName>C:\Windows\assembly\GAC_MSIL\Microsoft.VisualStudio.QualityTools.Common\12.0.0.0__b03f5f7f11d50a3a\Microsoft.VisualStudio.QualityTools.Common.dll</FullName>
      <ModuleName>Microsoft.VisualStudio.QualityTools.Common</ModuleName>
      <Classes />
    </Module>
    <Module skippedDueTo="MissingPdb" hash="80-91-7B-77-89-19-B3-0A-B9-FD-35-76-4A-23-60-1A-8D-35-58-07">
      <FullName>C:\Windows\assembly\GAC_MSIL\Microsoft.VisualStudio.QualityTools.Tips.UnitTest.ObjectModel\12.0.0.0__b03f5f7f11d50a3a\Microsoft.VisualStudio.QualityTools.Tips.UnitTest.ObjectModel.dll</FullName>
      <ModuleName>Microsoft.VisualStudio.QualityTools.Tips.UnitTest.ObjectModel</ModuleName>
      <Classes />
    </Module>
    <Module hash="A9-19-03-F1-F0-57-79-05-04-DE-D0-5D-7C-14-50-AC-DA-E8-1A-12">
      <Summary numSequencePoints="161" visitedSequencePoints="0" numBranchPoints="46" visitedBranchPoints="0" sequenceCoverage="0" branchCoverage="0" maxCyclomaticComplexity="2" minCyclomaticComplexity="1" />
      <FullName>C:\Projects\SqlConfidence\SqlConfidence\UnitTests\bin\Debug\UnitTests.dll</FullName>
      <ModuleName>UnitTests</ModuleName>
      <Files>
        <File uid="1" fullPath="c:\Projects\SqlConfidence\SqlConfidence\UnitTests\DifferenceEngineTests.cs" />
        <File uid="2" fullPath="c:\Projects\SqlConfidence\SqlConfidence\UnitTests\QueryBuilderFactoryTests.cs" />
        <File uid="3" fullPath="c:\Projects\SqlConfidence\SqlConfidence\UnitTests\TSQLQueryBuilderTests.cs" />
      </Files>
      <Classes>
        <Class>
          <Summary numSequencePoints="0" visitedSequencePoints="0" numBranchPoints="0" visitedBranchPoints="0" sequenceCoverage="0" branchCoverage="0" maxCyclomaticComplexity="0" minCyclomaticComplexity="0" />
          <FullName>&lt;Module&gt;</FullName>
          <Methods />
        </Class>
        <Class>
          <Summary numSequencePoints="140" visitedSequencePoints="0" numBranchPoints="41" visitedBranchPoints="0" sequenceCoverage="0" branchCoverage="0" maxCyclomaticComplexity="2" minCyclomaticComplexity="1" />
          <FullName>UnitTests.DifferenceEngineTests</FullName>
          <Methods>
            <Method visited="false" cyclomaticComplexity="1" sequenceCoverage="0" branchCoverage="0" isConstructor="false" isStatic="false" isGetter="false" isSetter="false">
              <Summary numSequencePoints="24" visitedSequencePoints="0" numBranchPoints="1" visitedBranchPoints="0" sequenceCoverage="0" branchCoverage="0" maxCyclomaticComplexity="1" minCyclomaticComplexity="1" />
              <MetadataToken>100663297</MetadataToken>
              <Name>System.Void UnitTests.DifferenceEngineTests::Init()</Name>
              <FileRef uid="1" />
              <SequencePoints>
                <SequencePoint vc="0" uspid="1" ordinal="0" offset="0" sl="24" sc="9" el="24" ec="10" bec="0" bev="0" fileid="1" />
                <SequencePoint vc="0" uspid="2" ordinal="1" offset="1" sl="25" sc="13" el="25" ec="42" bec="0" bev="0" fileid="1" />
                <SequencePoint vc="0" uspid="3" ordinal="2" offset="12" sl="26" sc="13" el="26" ec="47" bec="0" bev="0" fileid="1" />
                <SequencePoint vc="0" uspid="4" ordinal="3" offset="34" sl="27" sc="13" el="27" ec="64" bec="0" bev="0" fileid="1" />
                <SequencePoint vc="0" uspid="5" ordinal="4" offset="67" sl="28" sc="13" el="28" ec="67" bec="0" bev="0" fileid="1" />
                <SequencePoint vc="0" uspid="6" ordinal="5" offset="100" sl="30" sc="13" el="30" ec="42" bec="0" bev="0" fileid="1" />
                <SequencePoint vc="0" uspid="7" ordinal="6" offset="111" sl="31" sc="13" el="31" ec="47" bec="0" bev="0" fileid="1" />
                <SequencePoint vc="0" uspid="8" ordinal="7" offset="133" sl="32" sc="13" el="32" ec="64" bec="0" bev="0" fileid="1" />
                <SequencePoint vc="0" uspid="9" ordinal="8" offset="166" sl="33" sc="13" el="33" ec="67" bec="0" bev="0" fileid="1" />
                <SequencePoint vc="0" uspid="10" ordinal="9" offset="199" sl="35" sc="13" el="35" ec="56" bec="0" bev="0" fileid="1" />
                <SequencePoint vc="0" uspid="11" ordinal="10" offset="210" sl="36" sc="13" el="36" ec="61" bec="0" bev="0" fileid="1" />
                <SequencePoint vc="0" uspid="12" ordinal="11" offset="232" sl="37" sc="13" el="37" ec="61" bec="0" bev="0" fileid="1" />
                <SequencePoint vc="0" uspid="13" ordinal="12" offset="254" sl="38" sc="13" el="38" ec="61" bec="0" bev="0" fileid="1" />
                <SequencePoint vc="0" uspid="14" ordinal="13" offset="276" sl="39" sc="13" el="39" ec="61" bec="0" bev="0" fileid="1" />
                <SequencePoint vc="0" uspid="15" ordinal="14" offset="298" sl="40" sc="13" el="40" ec="101" bec="0" bev="0" fileid="1" />
                <SequencePoint vc="0" uspid="16" ordinal="15" offset="357" sl="41" sc="13" el="41" ec="101" bec="0" bev="0" fileid="1" />
                <SequencePoint vc="0" uspid="17" ordinal="16" offset="416" sl="43" sc="13" el="43" ec="53" bec="0" bev="0" fileid="1" />
                <SequencePoint vc="0" uspid="18" ordinal="17" offset="427" sl="44" sc="13" el="44" ec="58" bec="0" bev="0" fileid="1" />
                <SequencePoint vc="0" uspid="19" ordinal="18" offset="449" sl="45" sc="13" el="45" ec="58" bec="0" bev="0" fileid="1" />
                <SequencePoint vc="0" uspid="20" ordinal="19" offset="471" sl="46" sc="13" el="46" ec="58" bec="0" bev="0" fileid="1" />
                <SequencePoint vc="0" uspid="21" ordinal="20" offset="493" sl="47" sc="13" el="47" ec="56" bec="0" bev="0" fileid="1" />
                <SequencePoint vc="0" uspid="22" ordinal="21" offset="515" sl="48" sc="13" el="48" ec="98" bec="0" bev="0" fileid="1" />
                <SequencePoint vc="0" uspid="23" ordinal="22" offset="574" sl="49" sc="13" el="49" ec="98" bec="0" bev="0" fileid="1" />
                <SequencePoint vc="0" uspid="24" ordinal="23" offset="633" sl="50" sc="9" el="50" ec="10" bec="0" bev="0" fileid="1" />
              </SequencePoints>
              <BranchPoints />
              <MethodPoint xsi:type="SequencePoint" vc="0" uspid="1" ordinal="0" offset="0" sl="24" sc="9" el="24" ec="10" bec="0" bev="0" fileid="1" />
            </Method>
            <Method visited="false" cyclomaticComplexity="1" sequenceCoverage="0" branchCoverage="0" isConstructor="false" isStatic="false" isGetter="false" isSetter="false">
              <Summary numSequencePoints="4" visitedSequencePoints="0" numBranchPoints="1" visitedBranchPoints="0" sequenceCoverage="0" branchCoverage="0" maxCyclomaticComplexity="1" minCyclomaticComplexity="1" />
              <MetadataToken>100663298</MetadataToken>
              <Name>System.Void UnitTests.DifferenceEngineTests::GetDifferences_should_return_no_differences_for_identical_data_set()</Name>
              <FileRef uid="1" />
              <SequencePoints>
                <SequencePoint vc="0" uspid="25" ordinal="0" offset="0" sl="56" sc="9" el="56" ec="10" bec="0" bev="0" fileid="1" />
                <SequencePoint vc="0" uspid="26" ordinal="1" offset="1" sl="57" sc="13" el="57" ec="89" bec="0" bev="0" fileid="1" />
                <SequencePoint vc="0" uspid="27" ordinal="2" offset="24" sl="58" sc="13" el="58" ec="59" bec="0" bev="0" fileid="1" />
                <SequencePoint vc="0" uspid="28" ordinal="3" offset="42" sl="59" sc="9" el="59" ec="10" bec="0" bev="0" fileid="1" />
              </SequencePoints>
              <BranchPoints />
              <MethodPoint xsi:type="SequencePoint" vc="0" uspid="25" ordinal="0" offset="0" sl="56" sc="9" el="56" ec="10" bec="0" bev="0" fileid="1" />
            </Method>
            <Method visited="false" cyclomaticComplexity="2" sequenceCoverage="0" branchCoverage="0" isConstructor="false" isStatic="false" isGetter="false" isSetter="false">
              <Summary numSequencePoints="4" visitedSequencePoints="0" numBranchPoints="3" visitedBranchPoints="0" sequenceCoverage="0" branchCoverage="0" maxCyclomaticComplexity="2" minCyclomaticComplexity="2" />
              <MetadataToken>100663299</MetadataToken>
              <Name>System.Void UnitTests.DifferenceEngineTests::GetDifferences_should_add_column_error_when_columns_are_difference()</Name>
              <FileRef uid="1" />
              <SequencePoints>
                <SequencePoint vc="0" uspid="29" ordinal="0" offset="0" sl="63" sc="9" el="63" ec="10" bec="0" bev="0" fileid="1" />
                <SequencePoint vc="0" uspid="30" ordinal="1" offset="1" sl="64" sc="13" el="64" ec="89" bec="0" bev="0" fileid="1" />
                <SequencePoint vc="0" uspid="31" ordinal="2" offset="24" sl="65" sc="13" el="65" ec="127" bec="2" bev="0" fileid="1" />
                <SequencePoint vc="0" uspid="32" ordinal="3" offset="78" sl="66" sc="9" el="66" ec="10" bec="0" bev="0" fileid="1" />
              </SequencePoints>
              <BranchPoints>
                <BranchPoint vc="0" uspid="33" ordinal="0" offset="36" sl="65" path="0" offsetend="38" fileid="1" />
                <BranchPoint vc="0" uspid="34" ordinal="1" offset="36" sl="65" path="1" offsetend="57" fileid="1" />
              </BranchPoints>
              <MethodPoint xsi:type="SequencePoint" vc="0" uspid="29" ordinal="0" offset="0" sl="63" sc="9" el="63" ec="10" bec="0" bev="0" fileid="1" />
            </Method>
            <Method visited="false" cyclomaticComplexity="2" sequenceCoverage="0" branchCoverage="0" isConstructor="false" isStatic="false" isGetter="false" isSetter="false">
              <Summary numSequencePoints="7" visitedSequencePoints="0" numBranchPoints="3" visitedBranchPoints="0" sequenceCoverage="0" branchCoverage="0" maxCyclomaticComplexity="2" minCyclomaticComplexity="2" />
              <MetadataToken>100663300</MetadataToken>
              <Name>System.Void UnitTests.DifferenceEngineTests::GetDifferences_should_add_row_count_error_when_row_count_different()</Name>
              <FileRef uid="1" />
              <SequencePoints>
                <SequencePoint vc="0" uspid="35" ordinal="0" offset="0" sl="70" sc="9" el="70" ec="10" bec="0" bev="0" fileid="1" />
                <SequencePoint vc="0" uspid="36" ordinal="1" offset="1" sl="71" sc="13" el="71" ec="55" bec="0" bev="0" fileid="1" />
                <SequencePoint vc="0" uspid="37" ordinal="2" offset="7" sl="72" sc="13" el="72" ec="47" bec="0" bev="0" fileid="1" />
                <SequencePoint vc="0" uspid="38" ordinal="3" offset="19" sl="73" sc="13" el="73" ec="61" bec="0" bev="0" fileid="1" />
                <SequencePoint vc="0" uspid="39" ordinal="4" offset="47" sl="74" sc="13" el="74" ec="92" bec="0" bev="0" fileid="1" />
                <SequencePoint vc="0" uspid="40" ordinal="5" offset="65" sl="75" sc="13" el="75" ec="130" bec="2" bev="0" fileid="1" />
                <SequencePoint vc="0" uspid="41" ordinal="6" offset="119" sl="76" sc="9" el="76" ec="10" bec="0" bev="0" fileid="1" />
              </SequencePoints>
              <BranchPoints>
                <BranchPoint vc="0" uspid="42" ordinal="0" offset="77" sl="75" path="0" offsetend="79" fileid="1" />
                <BranchPoint vc="0" uspid="43" ordinal="1" offset="77" sl="75" path="1" offsetend="98" fileid="1" />
              </BranchPoints>
              <MethodPoint xsi:type="SequencePoint" vc="0" uspid="35" ordinal="0" offset="0" sl="70" sc="9" el="70" ec="10" bec="0" bev="0" fileid="1" />
            </Method>
            <Method visited="false" cyclomaticComplexity="2" sequenceCoverage="0" branchCoverage="0" isConstructor="false" isStatic="false" isGetter="false" isSetter="false">
              <Summary numSequencePoints="10" visitedSequencePoints="0" numBranchPoints="3" visitedBranchPoints="0" sequenceCoverage="0" branchCoverage="0" maxCyclomaticComplexity="2" minCyclomaticComplexity="2" />
              <MetadataToken>100663301</MetadataToken>
              <Name>System.Void UnitTests.DifferenceEngineTests::GetDifferences_should_add_mismatch_difference_when_columns_different()</Name>
              <FileRef uid="1" />
              <SequencePoints>
                <SequencePoint vc="0" uspid="44" ordinal="0" offset="0" sl="80" sc="9" el="80" ec="10" bec="0" bev="0" fileid="1" />
                <SequencePoint vc="0" uspid="45" ordinal="1" offset="1" sl="81" sc="13" el="81" ec="45" bec="0" bev="0" fileid="1" />
                <SequencePoint vc="0" uspid="46" ordinal="2" offset="7" sl="82" sc="13" el="82" ec="45" bec="0" bev="0" fileid="1" />
                <SequencePoint vc="0" uspid="47" ordinal="3" offset="13" sl="83" sc="13" el="83" ec="34" bec="0" bev="0" fileid="1" />
                <SequencePoint vc="0" uspid="48" ordinal="4" offset="30" sl="84" sc="13" el="84" ec="34" bec="0" bev="0" fileid="1" />
                <SequencePoint vc="0" uspid="49" ordinal="5" offset="47" sl="85" sc="13" el="85" ec="34" bec="0" bev="0" fileid="1" />
                <SequencePoint vc="0" uspid="50" ordinal="6" offset="64" sl="86" sc="13" el="86" ec="34" bec="0" bev="0" fileid="1" />
                <SequencePoint vc="0" uspid="51" ordinal="7" offset="81" sl="87" sc="13" el="87" ec="75" bec="0" bev="0" fileid="1" />
                <SequencePoint vc="0" uspid="52" ordinal="8" offset="94" sl="88" sc="13" el="88" ec="162" bec="2" bev="0" fileid="1" />
                <SequencePoint vc="0" uspid="53" ordinal="9" offset="148" sl="89" sc="9" el="89" ec="10" bec="0" bev="0" fileid="1" />
              </SequencePoints>
              <BranchPoints>
                <BranchPoint vc="0" uspid="54" ordinal="0" offset="106" sl="88" path="0" offsetend="108" fileid="1" />
                <BranchPoint vc="0" uspid="55" ordinal="1" offset="106" sl="88" path="1" offsetend="127" fileid="1" />
              </BranchPoints>
              <MethodPoint xsi:type="SequencePoint" vc="0" uspid="44" ordinal="0" offset="0" sl="80" sc="9" el="80" ec="10" bec="0" bev="0" fileid="1" />
            </Method>
            <Method visited="false" cyclomaticComplexity="2" sequenceCoverage="0" branchCoverage="0" isConstructor="false" isStatic="false" isGetter="false" isSetter="false">
              <Summary numSequencePoints="9" visitedSequencePoints="0" numBranchPoints="3" visitedBranchPoints="0" sequenceCoverage="0" branchCoverage="0" maxCyclomaticComplexity="2" minCyclomaticComplexity="2" />
              <MetadataToken>100663302</MetadataToken>
              <Name>System.Void UnitTests.DifferenceEngineTests::GetDifferences_should_add_difference_when_column_count_different()</Name>
              <FileRef uid="1" />
              <SequencePoints>
                <SequencePoint vc="0" uspid="56" ordinal="0" offset="0" sl="93" sc="9" el="93" ec="10" bec="0" bev="0" fileid="1" />
                <SequencePoint vc="0" uspid="57" ordinal="1" offset="1" sl="94" sc="13" el="94" ec="45" bec="0" bev="0" fileid="1" />
                <SequencePoint vc="0" uspid="58" ordinal="2" offset="7" sl="95" sc="13" el="95" ec="45" bec="0" bev="0" fileid="1" />
                <SequencePoint vc="0" uspid="59" ordinal="3" offset="13" sl="96" sc="13" el="96" ec="34" bec="0" bev="0" fileid="1" />
                <SequencePoint vc="0" uspid="60" ordinal="4" offset="30" sl="97" sc="13" el="97" ec="34" bec="0" bev="0" fileid="1" />
                <SequencePoint vc="0" uspid="61" ordinal="5" offset="47" sl="98" sc="13" el="98" ec="34" bec="0" bev="0" fileid="1" />
                <SequencePoint vc="0" uspid="62" ordinal="6" offset="64" sl="99" sc="13" el="99" ec="75" bec="0" bev="0" fileid="1" />
                <SequencePoint vc="0" uspid="63" ordinal="7" offset="77" sl="100" sc="13" el="100" ec="133" bec="2" bev="0" fileid="1" />
                <SequencePoint vc="0" uspid="64" ordinal="8" offset="131" sl="101" sc="9" el="101" ec="10" bec="0" bev="0" fileid="1" />
              </SequencePoints>
              <BranchPoints>
                <BranchPoint vc="0" uspid="65" ordinal="0" offset="89" sl="100" path="0" offsetend="91" fileid="1" />
                <BranchPoint vc="0" uspid="66" ordinal="1" offset="89" sl="100" path="1" offsetend="110" fileid="1" />
              </BranchPoints>
              <MethodPoint xsi:type="SequencePoint" vc="0" uspid="56" ordinal="0" offset="0" sl="93" sc="9" el="93" ec="10" bec="0" bev="0" fileid="1" />
            </Method>
            <Method visited="false" cyclomaticComplexity="2" sequenceCoverage="0" branchCoverage="0" isConstructor="false" isStatic="false" isGetter="false" isSetter="false">
              <Summary numSequencePoints="9" visitedSequencePoints="0" numBranchPoints="3" visitedBranchPoints="0" sequenceCoverage="0" branchCoverage="0" maxCyclomaticComplexity="2" minCyclomaticComplexity="2" />
              <MetadataToken>100663303</MetadataToken>
              <Name>System.Void UnitTests.DifferenceEngineTests::GetDifferences_should_add_difference_when_rows_are_missing()</Name>
              <FileRef uid="1" />
              <SequencePoints>
                <SequencePoint vc="0" uspid="67" ordinal="0" offset="0" sl="105" sc="9" el="105" ec="10" bec="0" bev="0" fileid="1" />
                <SequencePoint vc="0" uspid="68" ordinal="1" offset="1" sl="106" sc="13" el="106" ec="45" bec="0" bev="0" fileid="1" />
                <SequencePoint vc="0" uspid="69" ordinal="2" offset="7" sl="107" sc="13" el="107" ec="45" bec="0" bev="0" fileid="1" />
                <SequencePoint vc="0" uspid="70" ordinal="3" offset="13" sl="108" sc="13" el="108" ec="34" bec="0" bev="0" fileid="1" />
                <SequencePoint vc="0" uspid="71" ordinal="4" offset="30" sl="109" sc="13" el="109" ec="34" bec="0" bev="0" fileid="1" />
                <SequencePoint vc="0" uspid="72" ordinal="5" offset="47" sl="110" sc="13" el="110" ec="48" bec="0" bev="0" fileid="1" />
                <SequencePoint vc="0" uspid="73" ordinal="6" offset="75" sl="111" sc="13" el="111" ec="75" bec="0" bev="0" fileid="1" />
                <SequencePoint vc="0" uspid="74" ordinal="7" offset="88" sl="112" sc="13" el="112" ec="121" bec="2" bev="0" fileid="1" />
                <SequencePoint vc="0" uspid="75" ordinal="8" offset="142" sl="113" sc="9" el="113" ec="10" bec="0" bev="0" fileid="1" />
              </SequencePoints>
              <BranchPoints>
                <BranchPoint vc="0" uspid="76" ordinal="0" offset="100" sl="112" path="0" offsetend="102" fileid="1" />
                <BranchPoint vc="0" uspid="77" ordinal="1" offset="100" sl="112" path="1" offsetend="121" fileid="1" />
              </BranchPoints>
              <MethodPoint xsi:type="SequencePoint" vc="0" uspid="67" ordinal="0" offset="0" sl="105" sc="9" el="105" ec="10" bec="0" bev="0" fileid="1" />
            </Method>
            <Method visited="false" cyclomaticComplexity="2" sequenceCoverage="0" branchCoverage="0" isConstructor="false" isStatic="false" isGetter="false" isSetter="false">
              <Summary numSequencePoints="12" visitedSequencePoints="0" numBranchPoints="3" visitedBranchPoints="0" sequenceCoverage="0" branchCoverage="0" maxCyclomaticComplexity="2" minCyclomaticComplexity="2" />
              <MetadataToken>100663304</MetadataToken>
              <Name>System.Void UnitTests.DifferenceEngineTests::GetDifferences_should_add_difference_when_rows_in_wrong_order()</Name>
              <FileRef uid="1" />
              <SequencePoints>
                <SequencePoint vc="0" uspid="78" ordinal="0" offset="0" sl="117" sc="9" el="117" ec="10" bec="0" bev="0" fileid="1" />
                <SequencePoint vc="0" uspid="79" ordinal="1" offset="1" sl="118" sc="13" el="118" ec="45" bec="0" bev="0" fileid="1" />
                <SequencePoint vc="0" uspid="80" ordinal="2" offset="7" sl="119" sc="13" el="119" ec="45" bec="0" bev="0" fileid="1" />
                <SequencePoint vc="0" uspid="81" ordinal="3" offset="13" sl="120" sc="13" el="120" ec="34" bec="0" bev="0" fileid="1" />
                <SequencePoint vc="0" uspid="82" ordinal="4" offset="30" sl="121" sc="13" el="121" ec="34" bec="0" bev="0" fileid="1" />
                <SequencePoint vc="0" uspid="83" ordinal="5" offset="47" sl="122" sc="13" el="122" ec="48" bec="0" bev="0" fileid="1" />
                <SequencePoint vc="0" uspid="84" ordinal="6" offset="75" sl="123" sc="13" el="123" ec="48" bec="0" bev="0" fileid="1" />
                <SequencePoint vc="0" uspid="85" ordinal="7" offset="103" sl="124" sc="13" el="124" ec="48" bec="0" bev="0" fileid="1" />
                <SequencePoint vc="0" uspid="86" ordinal="8" offset="131" sl="125" sc="13" el="125" ec="48" bec="0" bev="0" fileid="1" />
                <SequencePoint vc="0" uspid="87" ordinal="9" offset="159" sl="126" sc="13" el="126" ec="75" bec="0" bev="0" fileid="1" />
                <SequencePoint vc="0" uspid="88" ordinal="10" offset="172" sl="127" sc="13" el="127" ec="123" bec="2" bev="0" fileid="1" />
                <SequencePoint vc="0" uspid="89" ordinal="11" offset="226" sl="128" sc="9" el="128" ec="10" bec="0" bev="0" fileid="1" />
              </SequencePoints>
              <BranchPoints>
                <BranchPoint vc="0" uspid="90" ordinal="0" offset="184" sl="127" path="0" offsetend="186" fileid="1" />
                <BranchPoint vc="0" uspid="91" ordinal="1" offset="184" sl="127" path="1" offsetend="205" fileid="1" />
              </BranchPoints>
              <MethodPoint xsi:type="SequencePoint" vc="0" uspid="78" ordinal="0" offset="0" sl="117" sc="9" el="117" ec="10" bec="0" bev="0" fileid="1" />
            </Method>
            <Method visited="false" cyclomaticComplexity="2" sequenceCoverage="0" branchCoverage="0" isConstructor="false" isStatic="false" isGetter="false" isSetter="false">
              <Summary numSequencePoints="14" visitedSequencePoints="0" numBranchPoints="3" visitedBranchPoints="0" sequenceCoverage="0" branchCoverage="0" maxCyclomaticComplexity="2" minCyclomaticComplexity="2" />
              <MetadataToken>100663305</MetadataToken>
              <Name>System.Void UnitTests.DifferenceEngineTests::GetDifferences_should_add_difference_when_rows_similar()</Name>
              <FileRef uid="1" />
              <SequencePoints>
                <SequencePoint vc="0" uspid="92" ordinal="0" offset="0" sl="132" sc="9" el="132" ec="10" bec="0" bev="0" fileid="1" />
                <SequencePoint vc="0" uspid="93" ordinal="1" offset="1" sl="133" sc="13" el="133" ec="45" bec="0" bev="0" fileid="1" />
                <SequencePoint vc="0" uspid="94" ordinal="2" offset="7" sl="134" sc="13" el="134" ec="45" bec="0" bev="0" fileid="1" />
                <SequencePoint vc="0" uspid="95" ordinal="3" offset="13" sl="135" sc="13" el="135" ec="34" bec="0" bev="0" fileid="1" />
                <SequencePoint vc="0" uspid="96" ordinal="4" offset="30" sl="136" sc="13" el="136" ec="34" bec="0" bev="0" fileid="1" />
                <SequencePoint vc="0" uspid="97" ordinal="5" offset="47" sl="137" sc="13" el="137" ec="34" bec="0" bev="0" fileid="1" />
                <SequencePoint vc="0" uspid="98" ordinal="6" offset="64" sl="138" sc="13" el="138" ec="34" bec="0" bev="0" fileid="1" />
                <SequencePoint vc="0" uspid="99" ordinal="7" offset="81" sl="139" sc="13" el="139" ec="51" bec="0" bev="0" fileid="1" />
                <SequencePoint vc="0" uspid="100" ordinal="8" offset="118" sl="140" sc="13" el="140" ec="51" bec="0" bev="0" fileid="1" />
                <SequencePoint vc="0" uspid="101" ordinal="9" offset="155" sl="141" sc="13" el="141" ec="51" bec="0" bev="0" fileid="1" />
                <SequencePoint vc="0" uspid="102" ordinal="10" offset="192" sl="142" sc="13" el="142" ec="51" bec="0" bev="0" fileid="1" />
                <SequencePoint vc="0" uspid="103" ordinal="11" offset="229" sl="143" sc="13" el="143" ec="75" bec="0" bev="0" fileid="1" />
                <SequencePoint vc="0" uspid="104" ordinal="12" offset="242" sl="144" sc="13" el="144" ec="130" bec="2" bev="0" fileid="1" />
                <SequencePoint vc="0" uspid="105" ordinal="13" offset="296" sl="145" sc="9" el="145" ec="10" bec="0" bev="0" fileid="1" />
              </SequencePoints>
              <BranchPoints>
                <BranchPoint vc="0" uspid="106" ordinal="0" offset="254" sl="144" path="0" offsetend="256" fileid="1" />
                <BranchPoint vc="0" uspid="107" ordinal="1" offset="254" sl="144" path="1" offsetend="275" fileid="1" />
              </BranchPoints>
              <MethodPoint xsi:type="SequencePoint" vc="0" uspid="92" ordinal="0" offset="0" sl="132" sc="9" el="132" ec="10" bec="0" bev="0" fileid="1" />
            </Method>
            <Method visited="false" cyclomaticComplexity="1" sequenceCoverage="0" branchCoverage="0" isConstructor="false" isStatic="false" isGetter="false" isSetter="false">
              <Summary numSequencePoints="4" visitedSequencePoints="0" numBranchPoints="1" visitedBranchPoints="0" sequenceCoverage="0" branchCoverage="0" maxCyclomaticComplexity="1" minCyclomaticComplexity="1" />
              <MetadataToken>100663306</MetadataToken>
              <Name>System.Void UnitTests.DifferenceEngineTests::DataRowsSimilar_should_identify_identical_rows_as_similar()</Name>
              <FileRef uid="1" />
              <SequencePoints>
                <SequencePoint vc="0" uspid="108" ordinal="0" offset="0" sl="153" sc="9" el="153" ec="10" bec="0" bev="0" fileid="1" />
                <SequencePoint vc="0" uspid="109" ordinal="1" offset="1" sl="154" sc="13" el="154" ec="105" bec="0" bev="0" fileid="1" />
                <SequencePoint vc="0" uspid="110" ordinal="2" offset="46" sl="156" sc="13" el="156" ec="35" bec="0" bev="0" fileid="1" />
                <SequencePoint vc="0" uspid="111" ordinal="3" offset="53" sl="157" sc="9" el="157" ec="10" bec="0" bev="0" fileid="1" />
              </SequencePoints>
              <BranchPoints />
              <MethodPoint xsi:type="SequencePoint" vc="0" uspid="108" ordinal="0" offset="0" sl="153" sc="9" el="153" ec="10" bec="0" bev="0" fileid="1" />
            </Method>
            <Method visited="false" cyclomaticComplexity="1" sequenceCoverage="0" branchCoverage="0" isConstructor="false" isStatic="false" isGetter="false" isSetter="false">
              <Summary numSequencePoints="4" visitedSequencePoints="0" numBranchPoints="1" visitedBranchPoints="0" sequenceCoverage="0" branchCoverage="0" maxCyclomaticComplexity="1" minCyclomaticComplexity="1" />
              <MetadataToken>100663307</MetadataToken>
              <Name>System.Void UnitTests.DifferenceEngineTests::DataRowsSimilar_should_identify_rows_with_similar_values_as_similar()</Name>
              <FileRef uid="1" />
              <SequencePoints>
                <SequencePoint vc="0" uspid="112" ordinal="0" offset="0" sl="161" sc="9" el="161" ec="10" bec="0" bev="0" fileid="1" />
                <SequencePoint vc="0" uspid="113" ordinal="1" offset="1" sl="162" sc="13" el="162" ec="133" bec="0" bev="0" fileid="1" />
                <SequencePoint vc="0" uspid="114" ordinal="2" offset="46" sl="164" sc="13" el="164" ec="35" bec="0" bev="0" fileid="1" />
                <SequencePoint vc="0" uspid="115" ordinal="3" offset="53" sl="165" sc="9" el="165" ec="10" bec="0" bev="0" fileid="1" />
              </SequencePoints>
              <BranchPoints />
              <MethodPoint xsi:type="SequencePoint" vc="0" uspid="112" ordinal="0" offset="0" sl="161" sc="9" el="161" ec="10" bec="0" bev="0" fileid="1" />
            </Method>
            <Method visited="false" cyclomaticComplexity="1" sequenceCoverage="0" branchCoverage="0" isConstructor="false" isStatic="false" isGetter="false" isSetter="false">
              <Summary numSequencePoints="4" visitedSequencePoints="0" numBranchPoints="1" visitedBranchPoints="0" sequenceCoverage="0" branchCoverage="0" maxCyclomaticComplexity="1" minCyclomaticComplexity="1" />
              <MetadataToken>100663308</MetadataToken>
              <Name>System.Void UnitTests.DifferenceEngineTests::DataRowsSimilar_should_never_identify_rows_as_similar_if_they_have_different_id_columns()</Name>
              <FileRef uid="1" />
              <SequencePoints>
                <SequencePoint vc="0" uspid="116" ordinal="0" offset="0" sl="169" sc="9" el="169" ec="10" bec="0" bev="0" fileid="1" />
                <SequencePoint vc="0" uspid="117" ordinal="1" offset="1" sl="171" sc="13" el="171" ec="127" bec="0" bev="0" fileid="1" />
                <SequencePoint vc="0" uspid="118" ordinal="2" offset="46" sl="173" sc="13" el="173" ec="36" bec="0" bev="0" fileid="1" />
                <SequencePoint vc="0" uspid="119" ordinal="3" offset="53" sl="174" sc="9" el="174" ec="10" bec="0" bev="0" fileid="1" />
              </SequencePoints>
              <BranchPoints />
              <MethodPoint xsi:type="SequencePoint" vc="0" uspid="116" ordinal="0" offset="0" sl="169" sc="9" el="169" ec="10" bec="0" bev="0" fileid="1" />
            </Method>
            <Method visited="false" cyclomaticComplexity="1" sequenceCoverage="0" branchCoverage="0" isConstructor="false" isStatic="false" isGetter="false" isSetter="false">
              <Summary numSequencePoints="8" visitedSequencePoints="0" numBranchPoints="1" visitedBranchPoints="0" sequenceCoverage="0" branchCoverage="0" maxCyclomaticComplexity="1" minCyclomaticComplexity="1" />
              <MetadataToken>100663309</MetadataToken>
              <Name>System.Void UnitTests.DifferenceEngineTests::DataRowsSimilar_should_not_identify_different_numbers_as_similar()</Name>
              <FileRef uid="1" />
              <SequencePoints>
                <SequencePoint vc="0" uspid="120" ordinal="0" offset="0" sl="178" sc="9" el="178" ec="10" bec="0" bev="0" fileid="1" />
                <SequencePoint vc="0" uspid="121" ordinal="1" offset="1" sl="180" sc="13" el="180" ec="44" bec="0" bev="0" fileid="1" />
                <SequencePoint vc="0" uspid="122" ordinal="2" offset="7" sl="181" sc="13" el="181" ec="33" bec="0" bev="0" fileid="1" />
                <SequencePoint vc="0" uspid="123" ordinal="3" offset="24" sl="182" sc="13" el="182" ec="46" bec="0" bev="0" fileid="1" />
                <SequencePoint vc="0" uspid="124" ordinal="4" offset="54" sl="183" sc="13" el="183" ec="45" bec="0" bev="0" fileid="1" />
                <SequencePoint vc="0" uspid="125" ordinal="5" offset="83" sl="184" sc="13" el="184" ec="89" bec="0" bev="0" fileid="1" />
                <SequencePoint vc="0" uspid="126" ordinal="6" offset="118" sl="186" sc="13" el="186" ec="36" bec="0" bev="0" fileid="1" />
                <SequencePoint vc="0" uspid="127" ordinal="7" offset="125" sl="187" sc="9" el="187" ec="10" bec="0" bev="0" fileid="1" />
              </SequencePoints>
              <BranchPoints />
              <MethodPoint xsi:type="SequencePoint" vc="0" uspid="120" ordinal="0" offset="0" sl="178" sc="9" el="178" ec="10" bec="0" bev="0" fileid="1" />
            </Method>
            <Method visited="false" cyclomaticComplexity="1" sequenceCoverage="0" branchCoverage="0" isConstructor="false" isStatic="false" isGetter="false" isSetter="false">
              <Summary numSequencePoints="4" visitedSequencePoints="0" numBranchPoints="1" visitedBranchPoints="0" sequenceCoverage="0" branchCoverage="0" maxCyclomaticComplexity="1" minCyclomaticComplexity="1" />
              <MetadataToken>100663310</MetadataToken>
              <Name>System.Void UnitTests.DifferenceEngineTests::IsSimilarNumber_should_return_true_for_identical_numbers()</Name>
              <FileRef uid="1" />
              <SequencePoints>
                <SequencePoint vc="0" uspid="128" ordinal="0" offset="0" sl="195" sc="9" el="195" ec="10" bec="0" bev="0" fileid="1" />
                <SequencePoint vc="0" uspid="129" ordinal="1" offset="1" sl="196" sc="13" el="196" ec="73" bec="0" bev="0" fileid="1" />
                <SequencePoint vc="0" uspid="130" ordinal="2" offset="24" sl="198" sc="13" el="198" ec="35" bec="0" bev="0" fileid="1" />
                <SequencePoint vc="0" uspid="131" ordinal="3" offset="31" sl="199" sc="9" el="199" ec="10" bec="0" bev="0" fileid="1" />
              </SequencePoints>
              <BranchPoints />
              <MethodPoint xsi:type="SequencePoint" vc="0" uspid="128" ordinal="0" offset="0" sl="195" sc="9" el="195" ec="10" bec="0" bev="0" fileid="1" />
            </Method>
            <Method visited="false" cyclomaticComplexity="1" sequenceCoverage="0" branchCoverage="0" isConstructor="false" isStatic="false" isGetter="false" isSetter="false">
              <Summary numSequencePoints="4" visitedSequencePoints="0" numBranchPoints="1" visitedBranchPoints="0" sequenceCoverage="0" branchCoverage="0" maxCyclomaticComplexity="1" minCyclomaticComplexity="1" />
              <MetadataToken>100663311</MetadataToken>
              <Name>System.Void UnitTests.DifferenceEngineTests::IsSimilarNumber_should_return_false_for_strings()</Name>
              <FileRef uid="1" />
              <SequencePoints>
                <SequencePoint vc="0" uspid="132" ordinal="0" offset="0" sl="203" sc="9" el="203" ec="10" bec="0" bev="0" fileid="1" />
                <SequencePoint vc="0" uspid="133" ordinal="1" offset="1" sl="204" sc="13" el="204" ec="77" bec="0" bev="0" fileid="1" />
                <SequencePoint vc="0" uspid="134" ordinal="2" offset="22" sl="206" sc="13" el="206" ec="36" bec="0" bev="0" fileid="1" />
                <SequencePoint vc="0" uspid="135" ordinal="3" offset="29" sl="207" sc="9" el="207" ec="10" bec="0" bev="0" fileid="1" />
              </SequencePoints>
              <BranchPoints />
              <MethodPoint xsi:type="SequencePoint" vc="0" uspid="132" ordinal="0" offset="0" sl="203" sc="9" el="203" ec="10" bec="0" bev="0" fileid="1" />
            </Method>
            <Method visited="false" cyclomaticComplexity="1" sequenceCoverage="0" branchCoverage="0" isConstructor="false" isStatic="false" isGetter="false" isSetter="false">
              <Summary numSequencePoints="4" visitedSequencePoints="0" numBranchPoints="1" visitedBranchPoints="0" sequenceCoverage="0" branchCoverage="0" maxCyclomaticComplexity="1" minCyclomaticComplexity="1" />
              <MetadataToken>100663312</MetadataToken>
              <Name>System.Void UnitTests.DifferenceEngineTests::IsSimilarNumber_should_return_true_for_similar_numbers_1()</Name>
              <FileRef uid="1" />
              <SequencePoints>
                <SequencePoint vc="0" uspid="136" ordinal="0" offset="0" sl="211" sc="9" el="211" ec="10" bec="0" bev="0" fileid="1" />
                <SequencePoint vc="0" uspid="137" ordinal="1" offset="1" sl="212" sc="13" el="212" ec="75" bec="0" bev="0" fileid="1" />
                <SequencePoint vc="0" uspid="138" ordinal="2" offset="26" sl="214" sc="13" el="214" ec="35" bec="0" bev="0" fileid="1" />
                <SequencePoint vc="0" uspid="139" ordinal="3" offset="33" sl="215" sc="9" el="215" ec="10" bec="0" bev="0" fileid="1" />
              </SequencePoints>
              <BranchPoints />
              <MethodPoint xsi:type="SequencePoint" vc="0" uspid="136" ordinal="0" offset="0" sl="211" sc="9" el="211" ec="10" bec="0" bev="0" fileid="1" />
            </Method>
            <Method visited="false" cyclomaticComplexity="1" sequenceCoverage="0" branchCoverage="0" isConstructor="false" isStatic="false" isGetter="false" isSetter="false">
              <Summary numSequencePoints="4" visitedSequencePoints="0" numBranchPoints="1" visitedBranchPoints="0" sequenceCoverage="0" branchCoverage="0" maxCyclomaticComplexity="1" minCyclomaticComplexity="1" />
              <MetadataToken>100663313</MetadataToken>
              <Name>System.Void UnitTests.DifferenceEngineTests::IsSimilarNumber_should_return_true_for_similar_numbers_2()</Name>
              <FileRef uid="1" />
              <SequencePoints>
                <SequencePoint vc="0" uspid="140" ordinal="0" offset="0" sl="219" sc="9" el="219" ec="10" bec="0" bev="0" fileid="1" />
                <SequencePoint vc="0" uspid="141" ordinal="1" offset="1" sl="220" sc="13" el="220" ec="77" bec="0" bev="0" fileid="1" />
                <SequencePoint vc="0" uspid="142" ordinal="2" offset="33" sl="222" sc="13" el="222" ec="35" bec="0" bev="0" fileid="1" />
                <SequencePoint vc="0" uspid="143" ordinal="3" offset="40" sl="223" sc="9" el="223" ec="10" bec="0" bev="0" fileid="1" />
              </SequencePoints>
              <BranchPoints />
              <MethodPoint xsi:type="SequencePoint" vc="0" uspid="140" ordinal="0" offset="0" sl="219" sc="9" el="219" ec="10" bec="0" bev="0" fileid="1" />
            </Method>
            <Method visited="false" cyclomaticComplexity="1" sequenceCoverage="0" branchCoverage="0" isConstructor="false" isStatic="false" isGetter="false" isSetter="false">
              <Summary numSequencePoints="4" visitedSequencePoints="0" numBranchPoints="1" visitedBranchPoints="0" sequenceCoverage="0" branchCoverage="0" maxCyclomaticComplexity="1" minCyclomaticComplexity="1" />
              <MetadataToken>100663314</MetadataToken>
              <Name>System.Void UnitTests.DifferenceEngineTests::IsSimilarNumber_should_return_true_for_similar_numbers_3()</Name>
              <FileRef uid="1" />
              <SequencePoints>
                <SequencePoint vc="0" uspid="144" ordinal="0" offset="0" sl="227" sc="9" el="227" ec="10" bec="0" bev="0" fileid="1" />
                <SequencePoint vc="0" uspid="145" ordinal="1" offset="1" sl="228" sc="13" el="228" ec="73" bec="0" bev="0" fileid="1" />
                <SequencePoint vc="0" uspid="146" ordinal="2" offset="24" sl="230" sc="13" el="230" ec="35" bec="0" bev="0" fileid="1" />
                <SequencePoint vc="0" uspid="147" ordinal="3" offset="31" sl="231" sc="9" el="231" ec="10" bec="0" bev="0" fileid="1" />
              </SequencePoints>
              <BranchPoints />
              <MethodPoint xsi:type="SequencePoint" vc="0" uspid="144" ordinal="0" offset="0" sl="227" sc="9" el="227" ec="10" bec="0" bev="0" fileid="1" />
            </Method>
            <Method visited="false" cyclomaticComplexity="1" sequenceCoverage="0" branchCoverage="0" isConstructor="true" isStatic="false" isGetter="false" isSetter="false">
              <Summary numSequencePoints="0" visitedSequencePoints="0" numBranchPoints="0" visitedBranchPoints="0" sequenceCoverage="0" branchCoverage="0" maxCyclomaticComplexity="1" minCyclomaticComplexity="1" />
              <MetadataToken>100663315</MetadataToken>
              <Name>System.Void UnitTests.DifferenceEngineTests::.ctor()</Name>
              <SequencePoints />
              <BranchPoints />
              <MethodPoint vc="0" uspid="148" ordinal="0" offset="0" />
            </Method>
            <Method visited="false" cyclomaticComplexity="1" sequenceCoverage="0" branchCoverage="0" isConstructor="false" isStatic="true" isGetter="false" isSetter="false">
              <Summary numSequencePoints="1" visitedSequencePoints="0" numBranchPoints="1" visitedBranchPoints="0" sequenceCoverage="0" branchCoverage="0" maxCyclomaticComplexity="1" minCyclomaticComplexity="1" />
              <MetadataToken>100663316</MetadataToken>
              <Name>System.Boolean UnitTests.DifferenceEngineTests::&lt;GetDifferences_should_add_column_error_when_columns_are_difference&gt;b__0(Common.Models.DataDifferenceModel)</Name>
              <FileRef uid="1" />
              <SequencePoints>
                <SequencePoint vc="0" uspid="149" ordinal="0" offset="0" sl="65" sc="63" el="65" ec="116" bec="0" bev="0" fileid="1" />
              </SequencePoints>
              <BranchPoints />
              <MethodPoint xsi:type="SequencePoint" vc="0" uspid="149" ordinal="0" offset="0" sl="65" sc="63" el="65" ec="116" bec="0" bev="0" fileid="1" />
            </Method>
            <Method visited="false" cyclomaticComplexity="1" sequenceCoverage="0" branchCoverage="0" isConstructor="false" isStatic="true" isGetter="false" isSetter="false">
              <Summary numSequencePoints="1" visitedSequencePoints="0" numBranchPoints="1" visitedBranchPoints="0" sequenceCoverage="0" branchCoverage="0" maxCyclomaticComplexity="1" minCyclomaticComplexity="1" />
              <MetadataToken>100663317</MetadataToken>
              <Name>System.Boolean UnitTests.DifferenceEngineTests::&lt;GetDifferences_should_add_row_count_error_when_row_count_different&gt;b__2(Common.Models.DataDifferenceModel)</Name>
              <FileRef uid="1" />
              <SequencePoints>
                <SequencePoint vc="0" uspid="150" ordinal="0" offset="0" sl="75" sc="63" el="75" ec="119" bec="0" bev="0" fileid="1" />
              </SequencePoints>
              <BranchPoints />
              <MethodPoint xsi:type="SequencePoint" vc="0" uspid="150" ordinal="0" offset="0" sl="75" sc="63" el="75" ec="119" bec="0" bev="0" fileid="1" />
            </Method>
            <Method visited="false" cyclomaticComplexity="2" sequenceCoverage="0" branchCoverage="0" isConstructor="false" isStatic="true" isGetter="false" isSetter="false">
              <Summary numSequencePoints="1" visitedSequencePoints="0" numBranchPoints="3" visitedBranchPoints="0" sequenceCoverage="0" branchCoverage="0" maxCyclomaticComplexity="2" minCyclomaticComplexity="2" />
              <MetadataToken>100663318</MetadataToken>
              <Name>System.Boolean UnitTests.DifferenceEngineTests::&lt;GetDifferences_should_add_mismatch_difference_when_columns_different&gt;b__4(Common.Models.DataDifferenceModel)</Name>
              <FileRef uid="1" />
              <SequencePoints>
                <SequencePoint vc="0" uspid="151" ordinal="0" offset="0" sl="88" sc="63" el="88" ec="151" bec="2" bev="0" fileid="1" />
              </SequencePoints>
              <BranchPoints>
                <BranchPoint vc="0" uspid="152" ordinal="0" offset="7" sl="88" path="0" offsetend="9" fileid="1" />
                <BranchPoint vc="0" uspid="153" ordinal="1" offset="7" sl="88" path="1" offsetend="20" fileid="1" />
              </BranchPoints>
              <MethodPoint xsi:type="SequencePoint" vc="0" uspid="151" ordinal="0" offset="0" sl="88" sc="63" el="88" ec="151" bec="2" bev="0" fileid="1" />
            </Method>
            <Method visited="false" cyclomaticComplexity="1" sequenceCoverage="0" branchCoverage="0" isConstructor="false" isStatic="true" isGetter="false" isSetter="false">
              <Summary numSequencePoints="1" visitedSequencePoints="0" numBranchPoints="1" visitedBranchPoints="0" sequenceCoverage="0" branchCoverage="0" maxCyclomaticComplexity="1" minCyclomaticComplexity="1" />
              <MetadataToken>100663319</MetadataToken>
              <Name>System.Boolean UnitTests.DifferenceEngineTests::&lt;GetDifferences_should_add_difference_when_column_count_different&gt;b__6(Common.Models.DataDifferenceModel)</Name>
              <FileRef uid="1" />
              <SequencePoints>
                <SequencePoint vc="0" uspid="154" ordinal="0" offset="0" sl="100" sc="63" el="100" ec="122" bec="0" bev="0" fileid="1" />
              </SequencePoints>
              <BranchPoints />
              <MethodPoint xsi:type="SequencePoint" vc="0" uspid="154" ordinal="0" offset="0" sl="100" sc="63" el="100" ec="122" bec="0" bev="0" fileid="1" />
            </Method>
            <Method visited="false" cyclomaticComplexity="1" sequenceCoverage="0" branchCoverage="0" isConstructor="false" isStatic="true" isGetter="false" isSetter="false">
              <Summary numSequencePoints="1" visitedSequencePoints="0" numBranchPoints="1" visitedBranchPoints="0" sequenceCoverage="0" branchCoverage="0" maxCyclomaticComplexity="1" minCyclomaticComplexity="1" />
              <MetadataToken>100663320</MetadataToken>
              <Name>System.Boolean UnitTests.DifferenceEngineTests::&lt;GetDifferences_should_add_difference_when_rows_are_missing&gt;b__8(Common.Models.DataDifferenceModel)</Name>
              <FileRef uid="1" />
              <SequencePoints>
                <SequencePoint vc="0" uspid="155" ordinal="0" offset="0" sl="112" sc="63" el="112" ec="110" bec="0" bev="0" fileid="1" />
              </SequencePoints>
              <BranchPoints />
              <MethodPoint xsi:type="SequencePoint" vc="0" uspid="155" ordinal="0" offset="0" sl="112" sc="63" el="112" ec="110" bec="0" bev="0" fileid="1" />
            </Method>
            <Method visited="false" cyclomaticComplexity="1" sequenceCoverage="0" branchCoverage="0" isConstructor="false" isStatic="true" isGetter="false" isSetter="false">
              <Summary numSequencePoints="1" visitedSequencePoints="0" numBranchPoints="1" visitedBranchPoints="0" sequenceCoverage="0" branchCoverage="0" maxCyclomaticComplexity="1" minCyclomaticComplexity="1" />
              <MetadataToken>100663321</MetadataToken>
              <Name>System.Boolean UnitTests.DifferenceEngineTests::&lt;GetDifferences_should_add_difference_when_rows_in_wrong_order&gt;b__a(Common.Models.DataDifferenceModel)</Name>
              <FileRef uid="1" />
              <SequencePoints>
                <SequencePoint vc="0" uspid="156" ordinal="0" offset="0" sl="127" sc="63" el="127" ec="112" bec="0" bev="0" fileid="1" />
              </SequencePoints>
              <BranchPoints />
              <MethodPoint xsi:type="SequencePoint" vc="0" uspid="156" ordinal="0" offset="0" sl="127" sc="63" el="127" ec="112" bec="0" bev="0" fileid="1" />
            </Method>
            <Method visited="false" cyclomaticComplexity="1" sequenceCoverage="0" branchCoverage="0" isConstructor="false" isStatic="true" isGetter="false" isSetter="false">
              <Summary numSequencePoints="1" visitedSequencePoints="0" numBranchPoints="1" visitedBranchPoints="0" sequenceCoverage="0" branchCoverage="0" maxCyclomaticComplexity="1" minCyclomaticComplexity="1" />
              <MetadataToken>100663322</MetadataToken>
              <Name>System.Boolean UnitTests.DifferenceEngineTests::&lt;GetDifferences_should_add_difference_when_rows_similar&gt;b__c(Common.Models.DataDifferenceModel)</Name>
              <FileRef uid="1" />
              <SequencePoints>
                <SequencePoint vc="0" uspid="157" ordinal="0" offset="0" sl="144" sc="63" el="144" ec="119" bec="0" bev="0" fileid="1" />
              </SequencePoints>
              <BranchPoints />
              <MethodPoint xsi:type="SequencePoint" vc="0" uspid="157" ordinal="0" offset="0" sl="144" sc="63" el="144" ec="119" bec="0" bev="0" fileid="1" />
            </Method>
          </Methods>
        </Class>
        <Class>
          <Summary numSequencePoints="4" visitedSequencePoints="0" numBranchPoints="1" visitedBranchPoints="0" sequenceCoverage="0" branchCoverage="0" maxCyclomaticComplexity="1" minCyclomaticComplexity="1" />
          <FullName>UnitTests.QueryBuilderFactoryTests</FullName>
          <Methods>
            <Method visited="false" cyclomaticComplexity="1" sequenceCoverage="0" branchCoverage="0" isConstructor="false" isStatic="false" isGetter="false" isSetter="false">
              <Summary numSequencePoints="4" visitedSequencePoints="0" numBranchPoints="1" visitedBranchPoints="0" sequenceCoverage="0" branchCoverage="0" maxCyclomaticComplexity="1" minCyclomaticComplexity="1" />
              <MetadataToken>100663323</MetadataToken>
              <Name>System.Void UnitTests.QueryBuilderFactoryTests::QueryBuilderFactoryTests_should_return_tsql_query_builder_for_tsql()</Name>
              <FileRef uid="2" />
              <SequencePoints>
                <SequencePoint vc="0" uspid="158" ordinal="0" offset="0" sl="17" sc="9" el="17" ec="10" bec="0" bev="0" fileid="2" />
                <SequencePoint vc="0" uspid="159" ordinal="1" offset="1" sl="18" sc="13" el="18" ec="100" bec="0" bev="0" fileid="2" />
                <SequencePoint vc="0" uspid="160" ordinal="2" offset="8" sl="19" sc="13" el="19" ec="73" bec="0" bev="0" fileid="2" />
                <SequencePoint vc="0" uspid="161" ordinal="3" offset="35" sl="20" sc="9" el="20" ec="10" bec="0" bev="0" fileid="2" />
              </SequencePoints>
              <BranchPoints />
              <MethodPoint xsi:type="SequencePoint" vc="0" uspid="158" ordinal="0" offset="0" sl="17" sc="9" el="17" ec="10" bec="0" bev="0" fileid="2" />
            </Method>
            <Method visited="false" cyclomaticComplexity="1" sequenceCoverage="0" branchCoverage="0" isConstructor="true" isStatic="false" isGetter="false" isSetter="false">
              <Summary numSequencePoints="0" visitedSequencePoints="0" numBranchPoints="0" visitedBranchPoints="0" sequenceCoverage="0" branchCoverage="0" maxCyclomaticComplexity="1" minCyclomaticComplexity="1" />
              <MetadataToken>100663324</MetadataToken>
              <Name>System.Void UnitTests.QueryBuilderFactoryTests::.ctor()</Name>
              <SequencePoints />
              <BranchPoints />
              <MethodPoint vc="0" uspid="162" ordinal="0" offset="0" />
            </Method>
          </Methods>
        </Class>
        <Class>
          <Summary numSequencePoints="17" visitedSequencePoints="0" numBranchPoints="4" visitedBranchPoints="0" sequenceCoverage="0" branchCoverage="0" maxCyclomaticComplexity="1" minCyclomaticComplexity="1" />
          <FullName>UnitTests.TSQLQueryBuilderTests</FullName>
          <Methods>
            <Method visited="false" cyclomaticComplexity="1" sequenceCoverage="0" branchCoverage="0" isConstructor="false" isStatic="false" isGetter="false" isSetter="false">
              <Summary numSequencePoints="5" visitedSequencePoints="0" numBranchPoints="1" visitedBranchPoints="0" sequenceCoverage="0" branchCoverage="0" maxCyclomaticComplexity="1" minCyclomaticComplexity="1" />
              <MetadataToken>100663325</MetadataToken>
              <Name>System.Void UnitTests.TSQLQueryBuilderTests::Init()</Name>
              <FileRef uid="3" />
              <SequencePoints>
                <SequencePoint vc="0" uspid="163" ordinal="0" offset="0" sl="19" sc="9" el="19" ec="10" bec="0" bev="0" fileid="3" />
                <SequencePoint vc="0" uspid="164" ordinal="1" offset="1" sl="20" sc="13" el="32" ec="15" bec="0" bev="0" fileid="3" />
                <SequencePoint vc="0" uspid="165" ordinal="2" offset="80" sl="34" sc="13" el="34" ec="49" bec="0" bev="0" fileid="3" />
                <SequencePoint vc="0" uspid="166" ordinal="3" offset="91" sl="35" sc="13" el="35" ec="49" bec="0" bev="0" fileid="3" />
                <SequencePoint vc="0" uspid="167" ordinal="4" offset="102" sl="36" sc="9" el="36" ec="10" bec="0" bev="0" fileid="3" />
              </SequencePoints>
              <BranchPoints />
              <MethodPoint xsi:type="SequencePoint" vc="0" uspid="163" ordinal="0" offset="0" sl="19" sc="9" el="19" ec="10" bec="0" bev="0" fileid="3" />
            </Method>
            <Method visited="false" cyclomaticComplexity="1" sequenceCoverage="0" branchCoverage="0" isConstructor="false" isStatic="false" isGetter="false" isSetter="false">
              <Summary numSequencePoints="4" visitedSequencePoints="0" numBranchPoints="1" visitedBranchPoints="0" sequenceCoverage="0" branchCoverage="0" maxCyclomaticComplexity="1" minCyclomaticComplexity="1" />
              <MetadataToken>100663326</MetadataToken>
              <Name>System.Void UnitTests.TSQLQueryBuilderTests::should_replace_whole_table_names_only()</Name>
              <FileRef uid="3" />
              <SequencePoints>
                <SequencePoint vc="0" uspid="168" ordinal="0" offset="0" sl="40" sc="9" el="40" ec="10" bec="0" bev="0" fileid="3" />
                <SequencePoint vc="0" uspid="169" ordinal="1" offset="1" sl="41" sc="13" el="41" ec="92" bec="0" bev="0" fileid="3" />
                <SequencePoint vc="0" uspid="170" ordinal="2" offset="30" sl="42" sc="13" el="42" ec="51" bec="0" bev="0" fileid="3" />
                <SequencePoint vc="0" uspid="171" ordinal="3" offset="47" sl="43" sc="9" el="43" ec="10" bec="0" bev="0" fileid="3" />
              </SequencePoints>
              <BranchPoints />
              <MethodPoint xsi:type="SequencePoint" vc="0" uspid="168" ordinal="0" offset="0" sl="40" sc="9" el="40" ec="10" bec="0" bev="0" fileid="3" />
            </Method>
            <Method visited="false" cyclomaticComplexity="1" sequenceCoverage="0" branchCoverage="0" isConstructor="false" isStatic="false" isGetter="false" isSetter="false">
              <Summary numSequencePoints="4" visitedSequencePoints="0" numBranchPoints="1" visitedBranchPoints="0" sequenceCoverage="0" branchCoverage="0" maxCyclomaticComplexity="1" minCyclomaticComplexity="1" />
              <MetadataToken>100663327</MetadataToken>
              <Name>System.Void UnitTests.TSQLQueryBuilderTests::should_replace_table_aliases_with_their_table_names()</Name>
              <FileRef uid="3" />
              <SequencePoints>
                <SequencePoint vc="0" uspid="172" ordinal="0" offset="0" sl="47" sc="9" el="47" ec="10" bec="0" bev="0" fileid="3" />
                <SequencePoint vc="0" uspid="173" ordinal="1" offset="1" sl="48" sc="13" el="48" ec="86" bec="0" bev="0" fileid="3" />
                <SequencePoint vc="0" uspid="174" ordinal="2" offset="30" sl="49" sc="13" el="49" ec="50" bec="0" bev="0" fileid="3" />
                <SequencePoint vc="0" uspid="175" ordinal="3" offset="47" sl="50" sc="9" el="50" ec="10" bec="0" bev="0" fileid="3" />
              </SequencePoints>
              <BranchPoints />
              <MethodPoint xsi:type="SequencePoint" vc="0" uspid="172" ordinal="0" offset="0" sl="47" sc="9" el="47" ec="10" bec="0" bev="0" fileid="3" />
            </Method>
            <Method visited="false" cyclomaticComplexity="1" sequenceCoverage="0" branchCoverage="0" isConstructor="false" isStatic="false" isGetter="false" isSetter="false">
              <Summary numSequencePoints="4" visitedSequencePoints="0" numBranchPoints="1" visitedBranchPoints="0" sequenceCoverage="0" branchCoverage="0" maxCyclomaticComplexity="1" minCyclomaticComplexity="1" />
              <MetadataToken>100663328</MetadataToken>
              <Name>System.Void UnitTests.TSQLQueryBuilderTests::should_replace_table_aliases_when_prefixed_with_dbo_dot()</Name>
              <FileRef uid="3" />
              <SequencePoints>
                <SequencePoint vc="0" uspid="176" ordinal="0" offset="0" sl="54" sc="9" el="54" ec="10" bec="0" bev="0" fileid="3" />
                <SequencePoint vc="0" uspid="177" ordinal="1" offset="1" sl="55" sc="13" el="55" ec="90" bec="0" bev="0" fileid="3" />
                <SequencePoint vc="0" uspid="178" ordinal="2" offset="30" sl="56" sc="13" el="56" ec="54" bec="0" bev="0" fileid="3" />
                <SequencePoint vc="0" uspid="179" ordinal="3" offset="47" sl="57" sc="9" el="57" ec="10" bec="0" bev="0" fileid="3" />
              </SequencePoints>
              <BranchPoints />
              <MethodPoint xsi:type="SequencePoint" vc="0" uspid="176" ordinal="0" offset="0" sl="54" sc="9" el="54" ec="10" bec="0" bev="0" fileid="3" />
            </Method>
            <Method visited="false" cyclomaticComplexity="1" sequenceCoverage="0" branchCoverage="0" isConstructor="true" isStatic="false" isGetter="false" isSetter="false">
              <Summary numSequencePoints="0" visitedSequencePoints="0" numBranchPoints="0" visitedBranchPoints="0" sequenceCoverage="0" branchCoverage="0" maxCyclomaticComplexity="1" minCyclomaticComplexity="1" />
              <MetadataToken>100663329</MetadataToken>
              <Name>System.Void UnitTests.TSQLQueryBuilderTests::.ctor()</Name>
              <SequencePoints />
              <BranchPoints />
              <MethodPoint vc="0" uspid="180" ordinal="0" offset="0" />
            </Method>
          </Methods>
        </Class>
      </Classes>
    </Module>
    <Module skippedDueTo="MissingPdb" hash="D6-D2-A1-C9-DD-EF-1E-23-9A-9B-69-17-B0-3A-5A-89-2A-AD-75-30">
      <FullName>C:\Windows\Microsoft.Net\assembly\GAC_MSIL\Microsoft.VisualStudio.QualityTools.ControllerObject\v4.0_12.0.0.0__b03f5f7f11d50a3a\Microsoft.VisualStudio.QualityTools.ControllerObject.dll</FullName>
      <ModuleName>Microsoft.VisualStudio.QualityTools.ControllerObject</ModuleName>
      <Classes />
    </Module>
    <Module skippedDueTo="MissingPdb" hash="87-C9-BA-8D-5D-BC-48-A2-9A-EE-A2-4C-0D-24-85-14-7E-47-C9-50">
      <FullName>C:\Program Files (x86)\Microsoft Visual Studio 12.0\Common7\IDE\PrivateAssemblies\Microsoft.VisualStudio.TeamSystem.Licensing.dll</FullName>
      <ModuleName>Microsoft.VisualStudio.TeamSystem.Licensing</ModuleName>
      <Classes />
    </Module>
    <Module skippedDueTo="MissingPdb" hash="DC-F8-9B-F7-2C-08-0C-DA-07-27-F8-D5-02-E6-16-D6-41-91-92-AB">
      <FullName>C:\Windows\assembly\GAC_MSIL\Microsoft.VisualStudio.QualityTools.Common\12.0.0.0__b03f5f7f11d50a3a\Microsoft.VisualStudio.QualityTools.Common.dll</FullName>
      <ModuleName>Microsoft.VisualStudio.QualityTools.Common</ModuleName>
      <Classes />
    </Module>
    <Module skippedDueTo="MissingPdb" hash="65-84-09-3F-3D-4A-20-11-0F-F8-41-12-52-55-82-3D-5F-C7-91-15">
      <FullName>C:\Windows\assembly\GAC_MSIL\Microsoft.VisualStudio.QualityTools.AgentProcessManager\12.0.0.0__b03f5f7f11d50a3a\Microsoft.VisualStudio.QualityTools.AgentProcessManager.dll</FullName>
      <ModuleName>Microsoft.VisualStudio.QualityTools.AgentProcessManager</ModuleName>
      <Classes />
    </Module>
    <Module skippedDueTo="Filter" hash="ED-BE-5C-45-66-32-AB-2E-1E-B4-6F-0D-47-35-C3-3C-95-AA-09-B3">
      <FullName>C:\Windows\Microsoft.Net\assembly\GAC_MSIL\System.Runtime.Remoting\v4.0_4.0.0.0__b77a5c561934e089\System.Runtime.Remoting.dll</FullName>
      <ModuleName>System.Runtime.Remoting</ModuleName>
      <Classes />
    </Module>
    <Module skippedDueTo="MissingPdb" hash="87-C9-BA-8D-5D-BC-48-A2-9A-EE-A2-4C-0D-24-85-14-7E-47-C9-50">
      <FullName>C:\Program Files (x86)\Microsoft Visual Studio 12.0\Common7\IDE\PrivateAssemblies\Microsoft.VisualStudio.TeamSystem.Licensing.dll</FullName>
      <ModuleName>Microsoft.VisualStudio.TeamSystem.Licensing</ModuleName>
      <Classes />
    </Module>
    <Module skippedDueTo="MissingPdb" hash="DC-F8-9B-F7-2C-08-0C-DA-07-27-F8-D5-02-E6-16-D6-41-91-92-AB">
      <FullName>C:\Windows\assembly\GAC_MSIL\Microsoft.VisualStudio.QualityTools.Common\12.0.0.0__b03f5f7f11d50a3a\Microsoft.VisualStudio.QualityTools.Common.dll</FullName>
      <ModuleName>Microsoft.VisualStudio.QualityTools.Common</ModuleName>
      <Classes />
    </Module>
    <Module skippedDueTo="Filter" hash="B6-92-70-2B-74-74-8B-7D-92-C2-67-1D-CA-15-D4-44-41-B2-4E-15">
      <FullName>C:\Windows\Microsoft.Net\assembly\GAC_32\System.Data\v4.0_4.0.0.0__b77a5c561934e089\System.Data.dll</FullName>
      <ModuleName>System.Data</ModuleName>
      <Classes />
    </Module>
    <Module hash="8C-44-C7-DF-63-52-66-5B-5C-AA-BE-8F-13-46-40-94-F6-61-FE-1B">
      <Summary numSequencePoints="1072" visitedSequencePoints="0" numBranchPoints="281" visitedBranchPoints="0" sequenceCoverage="0" branchCoverage="0" maxCyclomaticComplexity="30" minCyclomaticComplexity="1" />
      <FullName>c:\projects\sqlconfidence\sqlconfidence\unittests\bin\debug\Common.dll</FullName>
      <ModuleName>Common</ModuleName>
      <Files>
        <File uid="7" fullPath="c:\Projects\SqlConfidence\SqlConfidence\Common\Converters.cs" />
        <File uid="8" fullPath="c:\Projects\SqlConfidence\SqlConfidence\Common\DataAccess\DAHelpers.cs" />
        <File uid="9" fullPath="c:\Projects\SqlConfidence\SqlConfidence\Common\DataAccess\DataAccess.cs" />
        <File uid="10" fullPath="c:\Projects\SqlConfidence\SqlConfidence\Common\DataAccess\SourceDataAccessFactory.cs" />
        <File uid="11" fullPath="c:\Projects\SqlConfidence\SqlConfidence\Common\Database.cs" />
        <File uid="12" fullPath="c:\Projects\SqlConfidence\SqlConfidence\Common\DifferenceEngine.cs" />
        <File uid="13" fullPath="c:\Projects\SqlConfidence\SqlConfidence\Common\Emailer.cs" />
        <File uid="14" fullPath="c:\Projects\SqlConfidence\SqlConfidence\Common\Exceptions\UserExistsException.cs" />
        <File uid="15" fullPath="c:\Projects\SqlConfidence\SqlConfidence\Common\Models\DataDifferencesModel.cs" />
        <File uid="16" fullPath="c:\Projects\SqlConfidence\SqlConfidence\Common\Models\DataTableModel.cs" />
        <File uid="17" fullPath="c:\Projects\SqlConfidence\SqlConfidence\Common\Models\UserModel.cs" />
        <File uid="18" fullPath="c:\Projects\SqlConfidence\SqlConfidence\Common\Properties\Settings.Designer.cs" />
        <File uid="19" fullPath="c:\Projects\SqlConfidence\SqlConfidence\Common\QueryBuilder\QueryBuilderFactory.cs" />
        <File uid="20" fullPath="c:\Projects\SqlConfidence\SqlConfidence\Common\QueryBuilder\TSQLQueryBuilder.cs" />
        <File uid="21" fullPath="c:\Projects\SqlConfidence\SqlConfidence\Common\Security.cs" />
        <File uid="22" fullPath="c:\Projects\SqlConfidence\SqlConfidence\Common\DataAccess\TSQLDataAccess.cs" />
        <File uid="23" fullPath="c:\Projects\SqlConfidence\SqlConfidence\Common\Users.cs" />
      </Files>
      <Classes>
        <Class>
          <Summary numSequencePoints="0" visitedSequencePoints="0" numBranchPoints="0" visitedBranchPoints="0" sequenceCoverage="0" branchCoverage="0" maxCyclomaticComplexity="0" minCyclomaticComplexity="0" />
          <FullName>&lt;Module&gt;</FullName>
          <Methods />
        </Class>
        <Class>
          <Summary numSequencePoints="20" visitedSequencePoints="0" numBranchPoints="5" visitedBranchPoints="0" sequenceCoverage="0" branchCoverage="0" maxCyclomaticComplexity="5" minCyclomaticComplexity="1" />
          <FullName>Common.Converters</FullName>
          <Methods>
            <Method visited="false" cyclomaticComplexity="5" sequenceCoverage="0" branchCoverage="0" isConstructor="false" isStatic="true" isGetter="false" isSetter="false">
              <Summary numSequencePoints="20" visitedSequencePoints="0" numBranchPoints="5" visitedBranchPoints="0" sequenceCoverage="0" branchCoverage="0" maxCyclomaticComplexity="5" minCyclomaticComplexity="5" />
              <MetadataToken>100663297</MetadataToken>
              <Name>System.String Common.Converters::DataTableToJSON(System.Data.DataTable)</Name>
              <FileRef uid="7" />
              <SequencePoints>
                <SequencePoint vc="0" uspid="181" ordinal="0" offset="0" sl="15" sc="9" el="15" ec="10" bec="0" bev="0" fileid="7" />
                <SequencePoint vc="0" uspid="182" ordinal="1" offset="1" sl="16" sc="13" el="16" ec="92" bec="0" bev="0" fileid="7" />
                <SequencePoint vc="0" uspid="183" ordinal="2" offset="7" sl="18" sc="13" el="18" ec="20" bec="0" bev="0" fileid="7" />
                <SequencePoint vc="0" uspid="184" ordinal="3" offset="8" sl="18" sc="37" el="18" ec="47" bec="0" bev="0" fileid="7" />
                <SequencePoint vc="0" uspid="185" ordinal="4" offset="23" sl="18" sc="22" el="18" ec="33" bec="0" bev="0" fileid="7" />
                <SequencePoint vc="0" uspid="186" ordinal="5" offset="36" sl="19" sc="13" el="19" ec="14" bec="0" bev="0" fileid="7" />
                <SequencePoint vc="0" uspid="187" ordinal="6" offset="37" sl="20" sc="17" el="20" ec="84" bec="0" bev="0" fileid="7" />
                <SequencePoint vc="0" uspid="188" ordinal="7" offset="43" sl="22" sc="17" el="22" ec="24" bec="0" bev="0" fileid="7" />
                <SequencePoint vc="0" uspid="189" ordinal="8" offset="44" sl="22" sc="44" el="22" ec="57" bec="0" bev="0" fileid="7" />
                <SequencePoint vc="0" uspid="190" ordinal="9" offset="59" sl="22" sc="26" el="22" ec="40" bec="0" bev="0" fileid="7" />
                <SequencePoint vc="0" uspid="191" ordinal="10" offset="72" sl="23" sc="17" el="23" ec="18" bec="0" bev="0" fileid="7" />
                <SequencePoint vc="0" uspid="192" ordinal="11" offset="73" sl="24" sc="21" el="24" ec="53" bec="0" bev="0" fileid="7" />
                <SequencePoint vc="0" uspid="193" ordinal="12" offset="93" sl="25" sc="17" el="25" ec="18" bec="0" bev="0" fileid="7" />
                <SequencePoint vc="0" uspid="194" ordinal="13" offset="94" sl="22" sc="41" el="22" ec="43" bec="2" bev="0" fileid="7" />
                <SequencePoint vc="0" uspid="195" ordinal="14" offset="139" sl="26" sc="17" el="26" ec="32" bec="0" bev="0" fileid="7" />
                <SequencePoint vc="0" uspid="196" ordinal="15" offset="147" sl="27" sc="13" el="27" ec="14" bec="0" bev="0" fileid="7" />
                <SequencePoint vc="0" uspid="197" ordinal="16" offset="148" sl="18" sc="34" el="18" ec="36" bec="2" bev="0" fileid="7" />
                <SequencePoint vc="0" uspid="198" ordinal="17" offset="196" sl="28" sc="13" el="28" ec="74" bec="0" bev="0" fileid="7" />
                <SequencePoint vc="0" uspid="199" ordinal="18" offset="203" sl="29" sc="13" el="29" ec="47" bec="0" bev="0" fileid="7" />
                <SequencePoint vc="0" uspid="200" ordinal="19" offset="215" sl="30" sc="9" el="30" ec="10" bec="0" bev="0" fileid="7" />
              </SequencePoints>
              <BranchPoints>
                <BranchPoint vc="0" uspid="201" ordinal="0" offset="105" sl="22" path="0" offsetend="107" fileid="7" />
                <BranchPoint vc="0" uspid="202" ordinal="1" offset="105" sl="22" path="1" offsetend="59" fileid="7" />
                <BranchPoint vc="0" uspid="203" ordinal="2" offset="159" sl="18" path="0" offsetend="164" fileid="7" />
                <BranchPoint vc="0" uspid="204" ordinal="3" offset="159" sl="18" path="1" offsetend="23" fileid="7" />
              </BranchPoints>
              <MethodPoint xsi:type="SequencePoint" vc="0" uspid="181" ordinal="0" offset="0" sl="15" sc="9" el="15" ec="10" bec="0" bev="0" fileid="7" />
            </Method>
            <Method visited="false" cyclomaticComplexity="1" sequenceCoverage="0" branchCoverage="0" isConstructor="true" isStatic="false" isGetter="false" isSetter="false">
              <Summary numSequencePoints="0" visitedSequencePoints="0" numBranchPoints="0" visitedBranchPoints="0" sequenceCoverage="0" branchCoverage="0" maxCyclomaticComplexity="1" minCyclomaticComplexity="1" />
              <MetadataToken>100663298</MetadataToken>
              <Name>System.Void Common.Converters::.ctor()</Name>
              <SequencePoints />
              <BranchPoints />
              <MethodPoint vc="0" uspid="205" ordinal="0" offset="0" />
            </Method>
          </Methods>
        </Class>
        <Class>
          <Summary numSequencePoints="38" visitedSequencePoints="0" numBranchPoints="25" visitedBranchPoints="0" sequenceCoverage="0" branchCoverage="0" maxCyclomaticComplexity="3" minCyclomaticComplexity="1" />
          <FullName>Common.DAHelpers</FullName>
          <Methods>
            <Method visited="false" cyclomaticComplexity="3" sequenceCoverage="0" branchCoverage="0" isConstructor="false" isStatic="true" isGetter="false" isSetter="false">
              <Summary numSequencePoints="7" visitedSequencePoints="0" numBranchPoints="5" visitedBranchPoints="0" sequenceCoverage="0" branchCoverage="0" maxCyclomaticComplexity="3" minCyclomaticComplexity="3" />
              <MetadataToken>100663299</MetadataToken>
              <Name>System.Boolean Common.DAHelpers::IsDBNullOrEmpty(System.Object)</Name>
              <FileRef uid="8" />
              <SequencePoints>
                <SequencePoint vc="0" uspid="206" ordinal="0" offset="0" sl="18" sc="9" el="18" ec="10" bec="0" bev="0" fileid="8" />
                <SequencePoint vc="0" uspid="207" ordinal="1" offset="1" sl="19" sc="13" el="19" ec="37" bec="2" bev="0" fileid="8" />
                <SequencePoint vc="0" uspid="208" ordinal="2" offset="16" sl="19" sc="38" el="19" ec="50" bec="0" bev="0" fileid="8" />
                <SequencePoint vc="0" uspid="209" ordinal="3" offset="20" sl="20" sc="13" el="20" ec="51" bec="2" bev="0" fileid="8" />
                <SequencePoint vc="0" uspid="210" ordinal="4" offset="38" sl="20" sc="52" el="20" ec="64" bec="0" bev="0" fileid="8" />
                <SequencePoint vc="0" uspid="211" ordinal="5" offset="42" sl="21" sc="13" el="21" ec="26" bec="0" bev="0" fileid="8" />
                <SequencePoint vc="0" uspid="212" ordinal="6" offset="46" sl="22" sc="9" el="22" ec="10" bec="0" bev="0" fileid="8" />
              </SequencePoints>
              <BranchPoints>
                <BranchPoint vc="0" uspid="213" ordinal="0" offset="14" sl="19" path="0" offsetend="16" fileid="8" />
                <BranchPoint vc="0" uspid="214" ordinal="1" offset="14" sl="19" path="1" offsetend="20" fileid="8" />
                <BranchPoint vc="0" uspid="215" ordinal="2" offset="36" sl="20" path="0" offsetend="38" fileid="8" />
                <BranchPoint vc="0" uspid="216" ordinal="3" offset="36" sl="20" path="1" offsetend="42" fileid="8" />
              </BranchPoints>
              <MethodPoint xsi:type="SequencePoint" vc="0" uspid="206" ordinal="0" offset="0" sl="18" sc="9" el="18" ec="10" bec="0" bev="0" fileid="8" />
            </Method>
            <Method visited="false" cyclomaticComplexity="3" sequenceCoverage="0" branchCoverage="0" isConstructor="false" isStatic="true" isGetter="false" isSetter="false">
              <Summary numSequencePoints="10" visitedSequencePoints="0" numBranchPoints="5" visitedBranchPoints="0" sequenceCoverage="0" branchCoverage="0" maxCyclomaticComplexity="3" minCyclomaticComplexity="3" />
              <MetadataToken>100663300</MetadataToken>
              <Name>System.Boolean Common.DAHelpers::HasColumn(System.Data.IDataRecord,System.String)</Name>
              <FileRef uid="8" />
              <SequencePoints>
                <SequencePoint vc="0" uspid="217" ordinal="0" offset="0" sl="25" sc="9" el="25" ec="10" bec="0" bev="0" fileid="8" />
                <SequencePoint vc="0" uspid="218" ordinal="1" offset="1" sl="26" sc="18" el="26" ec="28" bec="0" bev="0" fileid="8" />
                <SequencePoint vc="0" uspid="219" ordinal="2" offset="5" sl="27" sc="13" el="27" ec="14" bec="0" bev="0" fileid="8" />
                <SequencePoint vc="0" uspid="220" ordinal="3" offset="6" sl="28" sc="17" el="28" ec="99" bec="2" bev="0" fileid="8" />
                <SequencePoint vc="0" uspid="221" ordinal="4" offset="27" sl="29" sc="21" el="29" ec="33" bec="0" bev="0" fileid="8" />
                <SequencePoint vc="0" uspid="222" ordinal="5" offset="31" sl="30" sc="13" el="30" ec="14" bec="0" bev="0" fileid="8" />
                <SequencePoint vc="0" uspid="223" ordinal="6" offset="32" sl="26" sc="48" el="26" ec="51" bec="0" bev="0" fileid="8" />
                <SequencePoint vc="0" uspid="224" ordinal="7" offset="36" sl="26" sc="29" el="26" ec="46" bec="2" bev="0" fileid="8" />
                <SequencePoint vc="0" uspid="225" ordinal="8" offset="49" sl="31" sc="13" el="31" ec="26" bec="0" bev="0" fileid="8" />
                <SequencePoint vc="0" uspid="226" ordinal="9" offset="53" sl="32" sc="9" el="32" ec="10" bec="0" bev="0" fileid="8" />
              </SequencePoints>
              <BranchPoints>
                <BranchPoint vc="0" uspid="227" ordinal="0" offset="25" sl="28" path="0" offsetend="27" fileid="8" />
                <BranchPoint vc="0" uspid="228" ordinal="1" offset="25" sl="28" path="1" offsetend="31" fileid="8" />
                <BranchPoint vc="0" uspid="229" ordinal="2" offset="47" sl="26" path="0" offsetend="49" fileid="8" />
                <BranchPoint vc="0" uspid="230" ordinal="3" offset="47" sl="26" path="1" offsetend="5" fileid="8" />
              </BranchPoints>
              <MethodPoint xsi:type="SequencePoint" vc="0" uspid="217" ordinal="0" offset="0" sl="25" sc="9" el="25" ec="10" bec="0" bev="0" fileid="8" />
            </Method>
            <Method visited="false" cyclomaticComplexity="3" sequenceCoverage="0" branchCoverage="0" isConstructor="false" isStatic="true" isGetter="false" isSetter="false">
              <Summary numSequencePoints="7" visitedSequencePoints="0" numBranchPoints="5" visitedBranchPoints="0" sequenceCoverage="0" branchCoverage="0" maxCyclomaticComplexity="3" minCyclomaticComplexity="3" />
              <MetadataToken>100663301</MetadataToken>
[...]
          <Methods>
            <Method visited="false" cyclomaticComplexity="1" sequenceCoverage="0" branchCoverage="0" isConstructor="true" isStatic="false" isGetter="false" isSetter="false">
              <Summary numSequencePoints="4" visitedSequencePoints="0" numBranchPoints="1" visitedBranchPoints="0" sequenceCoverage="0" branchCoverage="0" maxCyclomaticComplexity="1" minCyclomaticComplexity="1" />
              <MetadataToken>100663497</MetadataToken>
              <Name>System.Void Common.TSQLDataAccess::.ctor()</Name>
              <FileRef uid="62" />
              <SequencePoints>
                <SequencePoint vc="0" uspid="3103" ordinal="0" offset="0" sl="12" sc="9" el="12" ec="52" bec="0" bev="0" fileid="62" />
                <SequencePoint vc="0" uspid="3104" ordinal="1" offset="7" sl="14" sc="9" el="14" ec="32" bec="0" bev="0" fileid="62" />
                <SequencePoint vc="0" uspid="3105" ordinal="2" offset="14" sl="15" sc="9" el="15" ec="10" bec="0" bev="0" fileid="62" />
                <SequencePoint vc="0" uspid="3106" ordinal="3" offset="15" sl="16" sc="9" el="16" ec="10" bec="0" bev="0" fileid="62" />
              </SequencePoints>
              <BranchPoints />
              <MethodPoint xsi:type="SequencePoint" vc="0" uspid="3103" ordinal="0" offset="0" sl="12" sc="9" el="12" ec="52" bec="0" bev="0" fileid="62" />
            </Method>
            <Method visited="false" cyclomaticComplexity="3" sequenceCoverage="0" branchCoverage="0" isConstructor="false" isStatic="false" isGetter="false" isSetter="false">
              <Summary numSequencePoints="9" visitedSequencePoints="0" numBranchPoints="3" visitedBranchPoints="0" sequenceCoverage="0" branchCoverage="0" maxCyclomaticComplexity="3" minCyclomaticComplexity="3" />
              <MetadataToken>100663498</MetadataToken>
              <Name>System.Void Common.TSQLDataAccess::BeginUserTransaction(System.Data.SqlClient.SqlConnection)</Name>
              <FileRef uid="62" />
              <SequencePoints>
                <SequencePoint vc="0" uspid="3107" ordinal="0" offset="0" sl="19" sc="9" el="19" ec="10" bec="0" bev="0" fileid="62" />
                <SequencePoint vc="0" uspid="3108" ordinal="1" offset="1" sl="20" sc="13" el="20" ec="52" bec="2" bev="0" fileid="62" />
                <SequencePoint vc="0" uspid="3109" ordinal="2" offset="14" sl="20" sc="53" el="20" ec="136" bec="0" bev="0" fileid="62" />
                <SequencePoint vc="0" uspid="3110" ordinal="3" offset="25" sl="21" sc="20" el="21" ec="82" bec="0" bev="0" fileid="62" />
                <SequencePoint vc="0" uspid="3111" ordinal="4" offset="37" sl="22" sc="13" el="22" ec="14" bec="0" bev="0" fileid="62" />
                <SequencePoint vc="0" uspid="3112" ordinal="5" offset="38" sl="23" sc="17" el="23" ec="43" bec="0" bev="0" fileid="62" />
                <SequencePoint vc="0" uspid="3113" ordinal="6" offset="45" sl="24" sc="17" el="24" ec="41" bec="0" bev="0" fileid="62" />
                <SequencePoint vc="0" uspid="3114" ordinal="7" offset="52" sl="25" sc="13" el="25" ec="14" bec="0" bev="0" fileid="62" />
                <SequencePoint vc="0" uspid="3115" ordinal="8" offset="72" sl="26" sc="9" el="26" ec="10" bec="0" bev="0" fileid="62" />
              </SequencePoints>
              <BranchPoints>
                <BranchPoint vc="0" uspid="3116" ordinal="0" offset="12" sl="20" path="0" offsetend="14" fileid="62" />
                <BranchPoint vc="0" uspid="3117" ordinal="1" offset="12" sl="20" path="1" offsetend="25" fileid="62" />
              </BranchPoints>
              <MethodPoint xsi:type="SequencePoint" vc="0" uspid="3107" ordinal="0" offset="0" sl="19" sc="9" el="19" ec="10" bec="0" bev="0" fileid="62" />
            </Method>
            <Method visited="false" cyclomaticComplexity="4" sequenceCoverage="0" branchCoverage="0" isConstructor="false" isStatic="false" isGetter="false" isSetter="false">
              <Summary numSequencePoints="11" visitedSequencePoints="0" numBranchPoints="5" visitedBranchPoints="0" sequenceCoverage="0" branchCoverage="0" maxCyclomaticComplexity="4" minCyclomaticComplexity="4" />
              <MetadataToken>100663499</MetadataToken>
              <Name>System.Void Common.TSQLDataAccess::RollBackUserTransaction(System.Data.SqlClient.SqlConnection)</Name>
              <FileRef uid="62" />
              <SequencePoints>
                <SequencePoint vc="0" uspid="3118" ordinal="0" offset="0" sl="29" sc="9" el="29" ec="10" bec="0" bev="0" fileid="62" />
                <SequencePoint vc="0" uspid="3119" ordinal="1" offset="1" sl="30" sc="13" el="30" ec="35" bec="2" bev="0" fileid="62" />
                <SequencePoint vc="0" uspid="3120" ordinal="2" offset="11" sl="30" sc="36" el="30" ec="43" bec="0" bev="0" fileid="62" />
                <SequencePoint vc="0" uspid="3121" ordinal="3" offset="13" sl="32" sc="13" el="32" ec="52" bec="2" bev="0" fileid="62" />
                <SequencePoint vc="0" uspid="3122" ordinal="4" offset="26" sl="32" sc="53" el="32" ec="136" bec="0" bev="0" fileid="62" />
                <SequencePoint vc="0" uspid="3123" ordinal="5" offset="37" sl="33" sc="20" el="33" ec="85" bec="0" bev="0" fileid="62" />
                <SequencePoint vc="0" uspid="3124" ordinal="6" offset="49" sl="34" sc="13" el="34" ec="14" bec="0" bev="0" fileid="62" />
                <SequencePoint vc="0" uspid="3125" ordinal="7" offset="50" sl="35" sc="17" el="35" ec="43" bec="0" bev="0" fileid="62" />
                <SequencePoint vc="0" uspid="3126" ordinal="8" offset="57" sl="36" sc="13" el="36" ec="14" bec="0" bev="0" fileid="62" />
                <SequencePoint vc="0" uspid="3127" ordinal="9" offset="77" sl="38" sc="13" el="38" ec="38" bec="0" bev="0" fileid="62" />
                <SequencePoint vc="0" uspid="3128" ordinal="10" offset="84" sl="39" sc="9" el="39" ec="10" bec="0" bev="0" fileid="62" />
              </SequencePoints>
              <BranchPoints>
                <BranchPoint vc="0" uspid="3129" ordinal="0" offset="9" sl="30" path="0" offsetchain="11" offsetend="84" fileid="62" />
                <BranchPoint vc="0" uspid="3130" ordinal="1" offset="9" sl="30" path="1" offsetend="13" fileid="62" />
                <BranchPoint vc="0" uspid="3131" ordinal="2" offset="24" sl="32" path="0" offsetend="26" fileid="62" />
                <BranchPoint vc="0" uspid="3132" ordinal="3" offset="24" sl="32" path="1" offsetend="37" fileid="62" />
              </BranchPoints>
              <MethodPoint xsi:type="SequencePoint" vc="0" uspid="3118" ordinal="0" offset="0" sl="29" sc="9" el="29" ec="10" bec="0" bev="0" fileid="62" />
            </Method>
            <Method visited="false" cyclomaticComplexity="6" sequenceCoverage="0" branchCoverage="0" isConstructor="false" isStatic="false" isGetter="false" isSetter="false">
              <Summary numSequencePoints="23" visitedSequencePoints="0" numBranchPoints="5" visitedBranchPoints="0" sequenceCoverage="0" branchCoverage="0" maxCyclomaticComplexity="6" minCyclomaticComplexity="6" />
              <MetadataToken>100663500</MetadataToken>
              <Name>System.Void Common.TSQLDataAccess::ExecuteUserQuery(System.String,System.Data.SqlClient.SqlConnection)</Name>
              <FileRef uid="62" />
              <SequencePoints>
                <SequencePoint vc="0" uspid="3133" ordinal="0" offset="0" sl="42" sc="9" el="42" ec="10" bec="0" bev="0" fileid="62" />
                <SequencePoint vc="0" uspid="3134" ordinal="1" offset="1" sl="43" sc="13" el="43" ec="35" bec="2" bev="0" fileid="62" />
                <SequencePoint vc="0" uspid="3135" ordinal="2" offset="11" sl="43" sc="36" el="43" ec="117" bec="0" bev="0" fileid="62" />
                <SequencePoint vc="0" uspid="3136" ordinal="3" offset="22" sl="44" sc="13" el="44" ec="30" bec="2" bev="0" fileid="62" />
                <SequencePoint vc="0" uspid="3137" ordinal="4" offset="30" sl="45" sc="13" el="45" ec="14" bec="0" bev="0" fileid="62" />
                <SequencePoint vc="0" uspid="3138" ordinal="5" offset="31" sl="46" sc="24" el="46" ec="72" bec="0" bev="0" fileid="62" />
                <SequencePoint vc="0" uspid="3139" ordinal="6" offset="39" sl="47" sc="17" el="47" ec="18" bec="0" bev="0" fileid="62" />
                <SequencePoint vc="0" uspid="3140" ordinal="7" offset="40" sl="48" sc="21" el="48" ec="49" bec="0" bev="0" fileid="62" />
                <SequencePoint vc="0" uspid="3141" ordinal="8" offset="49" sl="49" sc="21" el="49" ec="47" bec="0" bev="0" fileid="62" />
                <SequencePoint vc="0" uspid="3142" ordinal="9" offset="56" sl="50" sc="17" el="50" ec="18" bec="0" bev="0" fileid="62" />
                <SequencePoint vc="0" uspid="3143" ordinal="10" offset="76" sl="51" sc="13" el="51" ec="14" bec="0" bev="0" fileid="62" />
                <SequencePoint vc="0" uspid="3144" ordinal="11" offset="79" sl="53" sc="13" el="53" ec="14" bec="0" bev="0" fileid="62" />
                <SequencePoint vc="0" uspid="3145" ordinal="12" offset="80" sl="54" sc="17" el="54" ec="22" bec="0" bev="0" fileid="62" />
                <SequencePoint vc="0" uspid="3146" ordinal="13" offset="99" sl="55" sc="17" el="55" ec="18" bec="0" bev="0" fileid="62" />
                <SequencePoint vc="0" uspid="3147" ordinal="14" offset="100" sl="56" sc="21" el="56" ec="33" bec="0" bev="0" fileid="62" />
                <SequencePoint vc="0" uspid="3148" ordinal="15" offset="107" sl="57" sc="28" el="57" ec="76" bec="0" bev="0" fileid="62" />
                <SequencePoint vc="0" uspid="3149" ordinal="16" offset="115" sl="58" sc="21" el="58" ec="22" bec="0" bev="0" fileid="62" />
                <SequencePoint vc="0" uspid="3150" ordinal="17" offset="116" sl="59" sc="25" el="59" ec="53" bec="0" bev="0" fileid="62" />
                <SequencePoint vc="0" uspid="3151" ordinal="18" offset="125" sl="60" sc="25" el="60" ec="51" bec="0" bev="0" fileid="62" />
                <SequencePoint vc="0" uspid="3152" ordinal="19" offset="132" sl="61" sc="21" el="61" ec="22" bec="0" bev="0" fileid="62" />
                <SequencePoint vc="0" uspid="3153" ordinal="20" offset="152" sl="62" sc="17" el="62" ec="18" bec="0" bev="0" fileid="62" />
                <SequencePoint vc="0" uspid="3154" ordinal="21" offset="172" sl="63" sc="13" el="63" ec="14" bec="0" bev="0" fileid="62" />
                <SequencePoint vc="0" uspid="3155" ordinal="22" offset="173" sl="64" sc="9" el="64" ec="10" bec="0" bev="0" fileid="62" />
              </SequencePoints>
              <BranchPoints>
                <BranchPoint vc="0" uspid="3156" ordinal="0" offset="9" sl="43" path="0" offsetend="11" fileid="62" />
                <BranchPoint vc="0" uspid="3157" ordinal="1" offset="9" sl="43" path="1" offsetend="22" fileid="62" />
                <BranchPoint vc="0" uspid="3158" ordinal="2" offset="28" sl="44" path="0" offsetend="30" fileid="62" />
                <BranchPoint vc="0" uspid="3159" ordinal="3" offset="28" sl="44" path="1" offsetend="79" fileid="62" />
              </BranchPoints>
              <MethodPoint xsi:type="SequencePoint" vc="0" uspid="3133" ordinal="0" offset="0" sl="42" sc="9" el="42" ec="10" bec="0" bev="0" fileid="62" />
            </Method>
            <Method visited="false" cyclomaticComplexity="5" sequenceCoverage="0" branchCoverage="0" isConstructor="false" isStatic="false" isGetter="false" isSetter="false">
              <Summary numSequencePoints="23" visitedSequencePoints="0" numBranchPoints="3" visitedBranchPoints="0" sequenceCoverage="0" branchCoverage="0" maxCyclomaticComplexity="5" minCyclomaticComplexity="5" />
              <MetadataToken>100663501</MetadataToken>
              <Name>System.Data.DataTable Common.TSQLDataAccess::GetDataTable(System.String,System.Data.SqlClient.SqlConnection)</Name>
              <FileRef uid="62" />
              <SequencePoints>
                <SequencePoint vc="0" uspid="3160" ordinal="0" offset="0" sl="67" sc="9" el="67" ec="10" bec="0" bev="0" fileid="62" />
                <SequencePoint vc="0" uspid="3161" ordinal="1" offset="1" sl="68" sc="13" el="68" ec="44" bec="0" bev="0" fileid="62" />
                <SequencePoint vc="0" uspid="3162" ordinal="2" offset="7" sl="69" sc="13" el="69" ec="30" bec="2" bev="0" fileid="62" />
                <SequencePoint vc="0" uspid="3163" ordinal="3" offset="17" sl="70" sc="13" el="70" ec="14" bec="0" bev="0" fileid="62" />
                <SequencePoint vc="0" uspid="3164" ordinal="4" offset="18" sl="71" sc="24" el="71" ec="72" bec="0" bev="0" fileid="62" />
                <SequencePoint vc="0" uspid="3165" ordinal="5" offset="26" sl="72" sc="17" el="72" ec="18" bec="0" bev="0" fileid="62" />
                <SequencePoint vc="0" uspid="3166" ordinal="6" offset="27" sl="73" sc="21" el="73" ec="68" bec="0" bev="0" fileid="62" />
                <SequencePoint vc="0" uspid="3167" ordinal="7" offset="34" sl="74" sc="21" el="74" ec="37" bec="0" bev="0" fileid="62" />
                <SequencePoint vc="0" uspid="3168" ordinal="8" offset="42" sl="75" sc="17" el="75" ec="18" bec="0" bev="0" fileid="62" />
                <SequencePoint vc="0" uspid="3169" ordinal="9" offset="64" sl="76" sc="13" el="76" ec="14" bec="0" bev="0" fileid="62" />
                <SequencePoint vc="0" uspid="3170" ordinal="10" offset="67" sl="78" sc="13" el="78" ec="14" bec="0" bev="0" fileid="62" />
                <SequencePoint vc="0" uspid="3171" ordinal="11" offset="68" sl="79" sc="17" el="79" ec="22" bec="0" bev="0" fileid="62" />
                <SequencePoint vc="0" uspid="3172" ordinal="12" offset="88" sl="80" sc="17" el="80" ec="18" bec="0" bev="0" fileid="62" />
                <SequencePoint vc="0" uspid="3173" ordinal="13" offset="89" sl="81" sc="21" el="81" ec="33" bec="0" bev="0" fileid="62" />
                <SequencePoint vc="0" uspid="3174" ordinal="14" offset="96" sl="82" sc="28" el="82" ec="76" bec="0" bev="0" fileid="62" />
                <SequencePoint vc="0" uspid="3175" ordinal="15" offset="104" sl="83" sc="21" el="83" ec="22" bec="0" bev="0" fileid="62" />
                <SequencePoint vc="0" uspid="3176" ordinal="16" offset="105" sl="84" sc="25" el="84" ec="72" bec="0" bev="0" fileid="62" />
                <SequencePoint vc="0" uspid="3177" ordinal="17" offset="112" sl="85" sc="25" el="85" ec="41" bec="0" bev="0" fileid="62" />
                <SequencePoint vc="0" uspid="3178" ordinal="18" offset="120" sl="86" sc="21" el="86" ec="22" bec="0" bev="0" fileid="62" />
                <SequencePoint vc="0" uspid="3179" ordinal="19" offset="142" sl="87" sc="17" el="87" ec="18" bec="0" bev="0" fileid="62" />
                <SequencePoint vc="0" uspid="3180" ordinal="20" offset="166" sl="88" sc="13" el="88" ec="14" bec="0" bev="0" fileid="62" />
                <SequencePoint vc="0" uspid="3181" ordinal="21" offset="167" sl="90" sc="13" el="90" ec="23" bec="0" bev="0" fileid="62" />
                <SequencePoint vc="0" uspid="3182" ordinal="22" offset="171" sl="91" sc="9" el="91" ec="10" bec="0" bev="0" fileid="62" />
              </SequencePoints>
              <BranchPoints>
                <BranchPoint vc="0" uspid="3183" ordinal="0" offset="15" sl="69" path="0" offsetend="17" fileid="62" />
                <BranchPoint vc="0" uspid="3184" ordinal="1" offset="15" sl="69" path="1" offsetend="67" fileid="62" />
              </BranchPoints>
              <MethodPoint xsi:type="SequencePoint" vc="0" uspid="3160" ordinal="0" offset="0" sl="67" sc="9" el="67" ec="10" bec="0" bev="0" fileid="62" />
            </Method>
          </Methods>
        </Class>
        <Class>
          <Summary numSequencePoints="11" visitedSequencePoints="0" numBranchPoints="2" visitedBranchPoints="0" sequenceCoverage="0" branchCoverage="0" maxCyclomaticComplexity="1" minCyclomaticComplexity="1" />
          <FullName>Common.Users</FullName>
          <Methods>
            <Method visited="false" cyclomaticComplexity="1" sequenceCoverage="0" branchCoverage="0" isConstructor="false" isStatic="true" isGetter="false" isSetter="false">
              <Summary numSequencePoints="8" visitedSequencePoints="0" numBranchPoints="1" visitedBranchPoints="0" sequenceCoverage="0" branchCoverage="0" maxCyclomaticComplexity="1" minCyclomaticComplexity="1" />
              <MetadataToken>100663502</MetadataToken>
              <Name>Common.Models.UserModel Common.Users::BuildUser(System.String,System.String,System.String,System.String)</Name>
              <FileRef uid="63" />
              <SequencePoints>
                <SequencePoint vc="0" uspid="3185" ordinal="0" offset="0" sl="13" sc="9" el="13" ec="10" bec="0" bev="0" fileid="63" />
                <SequencePoint vc="0" uspid="3186" ordinal="1" offset="1" sl="14" sc="13" el="14" ec="46" bec="0" bev="0" fileid="63" />
                <SequencePoint vc="0" uspid="3187" ordinal="2" offset="7" sl="15" sc="13" el="15" ec="32" bec="0" bev="0" fileid="63" />
                <SequencePoint vc="0" uspid="3188" ordinal="3" offset="15" sl="16" sc="13" el="16" ec="40" bec="0" bev="0" fileid="63" />
                <SequencePoint vc="0" uspid="3189" ordinal="4" offset="23" sl="17" sc="13" el="17" ec="38" bec="0" bev="0" fileid="63" />
                <SequencePoint vc="0" uspid="3190" ordinal="5" offset="31" sl="18" sc="13" el="18" ec="72" bec="0" bev="0" fileid="63" />
                <SequencePoint vc="0" uspid="3191" ordinal="6" offset="44" sl="20" sc="13" el="20" ec="25" bec="0" bev="0" fileid="63" />
                <SequencePoint vc="0" uspid="3192" ordinal="7" offset="48" sl="21" sc="9" el="21" ec="10" bec="0" bev="0" fileid="63" />
              </SequencePoints>
              <BranchPoints />
              <MethodPoint xsi:type="SequencePoint" vc="0" uspid="3185" ordinal="0" offset="0" sl="13" sc="9" el="13" ec="10" bec="0" bev="0" fileid="63" />
            </Method>
            <Method visited="false" cyclomaticComplexity="1" sequenceCoverage="0" branchCoverage="0" isConstructor="false" isStatic="true" isGetter="false" isSetter="false">
              <Summary numSequencePoints="3" visitedSequencePoints="0" numBranchPoints="1" visitedBranchPoints="0" sequenceCoverage="0" branchCoverage="0" maxCyclomaticComplexity="1" minCyclomaticComplexity="1" />
              <MetadataToken>100663503</MetadataToken>
              <Name>Common.Models.UserModel Common.Users::BuildUser(Common.Models.LoginModel)</Name>
              <FileRef uid="63" />
              <SequencePoints>
                <SequencePoint vc="0" uspid="3193" ordinal="0" offset="0" sl="24" sc="9" el="24" ec="10" bec="0" bev="0" fileid="63" />
                <SequencePoint vc="0" uspid="3194" ordinal="1" offset="1" sl="25" sc="13" el="25" ec="124" bec="0" bev="0" fileid="63" />
                <SequencePoint vc="0" uspid="3195" ordinal="2" offset="48" sl="26" sc="9" el="26" ec="10" bec="0" bev="0" fileid="63" />
              </SequencePoints>
              <BranchPoints />
              <MethodPoint xsi:type="SequencePoint" vc="0" uspid="3193" ordinal="0" offset="0" sl="24" sc="9" el="24" ec="10" bec="0" bev="0" fileid="63" />
            </Method>
            <Method visited="false" cyclomaticComplexity="1" sequenceCoverage="0" branchCoverage="0" isConstructor="true" isStatic="false" isGetter="false" isSetter="false">
              <Summary numSequencePoints="0" visitedSequencePoints="0" numBranchPoints="0" visitedBranchPoints="0" sequenceCoverage="0" branchCoverage="0" maxCyclomaticComplexity="1" minCyclomaticComplexity="1" />
              <MetadataToken>100663504</MetadataToken>
              <Name>System.Void Common.Users::.ctor()</Name>
              <SequencePoints />
              <BranchPoints />
              <MethodPoint vc="0" uspid="3196" ordinal="0" offset="0" />
            </Method>
          </Methods>
        </Class>
      </Classes>
    </Module>
  </Modules>
</CoverageSession>